#
# A fatal error has been detected by the Java Runtime Environment:
#
#  SIGSEGV (0xb) at pc=0x00007f264b756b53, pid=7939, tid=0x00007f262a0f2700
#
# JRE version: Java(TM) SE Runtime Environment (8.0_171-b11) (build 1.8.0_171-b11)
# Java VM: Java HotSpot(TM) 64-Bit Server VM (25.171-b11 mixed mode linux-amd64 compressed oops)
# Problematic frame:
# C  [libc.so.6+0x18eb53]
#
# Failed to write core dump. Core dumps have been disabled. To enable core dumping, try "ulimit -c unlimited" before starting Java again
#
# If you would like to submit a bug report, please visit:
#   http://bugreport.java.com/bugreport/crash.jsp
# The crash happened outside the Java Virtual Machine in native code.
# See problematic frame for where to report the bug.
#

---------------  T H R E A D  ---------------

Current thread (0x00007f26442ee000):  JavaThread "QuantumRenderer-0" daemon [_thread_in_native, id=7969, stack(0x00007f2629ff2000,0x00007f262a0f3000)]

siginfo: si_signo: 11 (SIGSEGV), si_code: 2 (SEGV_ACCERR), si_addr: 0x00000000dafa8014

Registers:
RAX=0x00007f25dc223510, RBX=0x00000000000f451c, RCX=0x000000000000000c, RDX=0x000000000000000c
RSP=0x00007f262a0f0c78, RBP=0x00007f25e816b3a0, RSI=0x00000000dafa8010, RDI=0x00007f25dc223510
R8 =0x00000000000f4510, R9 =0x000000000000000c, R10=0x0000000020020302, R11=0x00007f25e8293450
R12=0x00007f262a0f0ce0, R13=0x0000000000000000, R14=0x00000000dafa8010, R15=0x000000000000000c
RIP=0x00007f264b756b53, EFLAGS=0x0000000000010202, CSGSFS=0x002b000000000033, ERR=0x0000000000000004
  TRAPNO=0x000000000000000e

Top of Stack: (sp=0x00007f262a0f0c78)
0x00007f262a0f0c78:   00007f25e4b57be5 00000000844119d0
0x00007f262a0f0c88:   00000000000f4510 00000000842021e8
0x00007f262a0f0c98:   0000000000000000 00007f25e531c9b0
0x00007f262a0f0ca8:   000000000000000c 00007f25e816b3a0
0x00007f262a0f0cb8:   0000000000000004 0000000000000001
0x00007f262a0f0cc8:   00007f25e4c64976 00007f25e80d9490
0x00007f262a0f0cd8:   00007f262a0f0ce0 0000000084202060
0x00007f262a0f0ce8:   6f18e1e19a84b000 4079000000000000
0x00007f262a0f0cf8:   00007f25e816b3a0 00007f25e531c9b0
0x00007f262a0f0d08:   00007f25e816b808 00007f25e816ed50
0x00007f262a0f0d18:   000000000003d08b 00007f25e531ca10
0x00007f262a0f0d28:   00007f25e4c5999c 00000000d8f6bb78
0x00007f262a0f0d38:   00007f25e816b3a0 00007f262a0f0e70
0x00007f262a0f0d48:   00007f25e816d318 00007f25e816b3a0
0x00007f262a0f0d58:   00007f25e81e9840 00007f25e8161880
0x00007f262a0f0d68:   00007f25e4c59ac7 0000000000000000
0x00007f262a0f0d78:   00007f25e8234858 00007f25e80d9490
0x00007f262a0f0d88:   00007f25e4c65ccd 0000000000000000
0x00007f262a0f0d98:   00007f25e80d8f00 000000000000001e
0x00007f262a0f0da8:   6f18e1e19a84b000 00007f25e8234810
0x00007f262a0f0db8:   0000000000000000 00007f25e821cd50
0x00007f262a0f0dc8:   6f18e1e19a84b000 00007f262a0f0e70
0x00007f262a0f0dd8:   00007f25e4a3926a 0000000000000008
0x00007f262a0f0de8:   00007f25e8169670 0000000000000002
0x00007f262a0f0df8:   00007f25e4aac2e1 0000000000000014
0x00007f262a0f0e08:   00007f25e8280490 00007f25e816c160
0x00007f262a0f0e18:   00007f262a0f0f00 0000000000000001
0x00007f262a0f0e28:   6f18e1e19a84b000 00000001000003d4
0x00007f262a0f0e38:   00007f25e81eb464 00007f25e8161880
0x00007f262a0f0e48:   00007f262a0f0f00 0000000000000001
0x00007f262a0f0e58:   00007f25e81e9840 00007f25e8161880
0x00007f262a0f0e68:   00007f25e4a3c9f7 0000000000000600 

Instructions: (pc=0x00007f264b756b53)
0x00007f264b756b33:   01 77 3b 72 05 0f b6 0e 88 0f c3 c5 fa 6f 06 c5
0x00007f264b756b43:   fa 6f 4c 16 f0 c5 fa 7f 07 c5 fa 7f 4c 17 f0 c3
0x00007f264b756b53:   48 8b 4c 16 f8 48 8b 36 48 89 4c 17 f8 48 89 37
0x00007f264b756b63:   c3 8b 4c 16 fc 8b 36 89 4c 17 fc 89 37 c3 0f b7 

Register to memory mapping:

RAX=0x00007f25dc223510 is an unknown value
RBX=0x00000000000f451c is an unknown value
RCX=0x000000000000000c is an unknown value
RDX=0x000000000000000c is an unknown value
RSP=0x00007f262a0f0c78 is pointing into the stack for thread: 0x00007f26442ee000
RBP=0x00007f25e816b3a0 is an unknown value
RSI=0x00000000dafa8010 is an unallocated location in the heap
RDI=0x00007f25dc223510 is an unknown value
R8 =0x00000000000f4510 is an unknown value
R9 =0x000000000000000c is an unknown value
R10=0x0000000020020302 is an unknown value
R11=0x00007f25e8293450 is an unknown value
R12=0x00007f262a0f0ce0 is pointing into the stack for thread: 0x00007f26442ee000
R13=0x0000000000000000 is an unknown value
R14=0x00000000dafa8010 is an unallocated location in the heap
R15=0x000000000000000c is an unknown value


Stack: [0x00007f2629ff2000,0x00007f262a0f3000],  sp=0x00007f262a0f0c78,  free space=1019k
Native frames: (J=compiled Java code, j=interpreted, Vv=VM code, C=native code)
C  [libc.so.6+0x18eb53]

Java frames: (J=compiled Java code, j=interpreted, Vv=VM code)
j  com.sun.prism.es2.GLContext.nClearBuffers(JFFFFZZZ)V+0
j  com.sun.prism.es2.GLContext.clearBuffers(Lcom/sun/prism/paint/Color;ZZZ)V+40
j  com.sun.prism.es2.ES2Graphics.clearBuffers(Lcom/sun/prism/es2/ES2Context;Lcom/sun/prism/paint/Color;ZZZ)V+9
j  com.sun.prism.es2.ES2Graphics.clear(Lcom/sun/prism/paint/Color;)V+32
j  com.sun.javafx.tk.quantum.ViewPainter.doPaint(Lcom/sun/prism/Graphics;Lcom/sun/javafx/sg/prism/NodePath;)V+104
j  com.sun.javafx.tk.quantum.ViewPainter.paintImpl(Lcom/sun/prism/Graphics;)V+953
j  com.sun.javafx.tk.quantum.PresentingPainter.run()V+326
j  java.util.concurrent.Executors$RunnableAdapter.call()Ljava/lang/Object;+4
j  java.util.concurrent.FutureTask.runAndReset()Z+47
j  com.sun.javafx.tk.RenderJob.run()V+1
j  java.util.concurrent.ThreadPoolExecutor.runWorker(Ljava/util/concurrent/ThreadPoolExecutor$Worker;)V+95
j  java.util.concurrent.ThreadPoolExecutor$Worker.run()V+5
j  com.sun.javafx.tk.quantum.QuantumRenderer$PipelineRunnable.run()V+8
j  java.lang.Thread.run()V+11
v  ~StubRoutines::call_stub

---------------  P R O C E S S  ---------------

Java Threads: ( => current thread )
  0x00007f25d4270000 JavaThread "Prism Font Disposer" daemon [_thread_blocked, id=7978, stack(0x00007f25dc75a000,0x00007f25dc85b000)]
  0x00007f26443c2800 JavaThread "JavaFX-Launcher" [_thread_blocked, id=7973, stack(0x00007f25dd44c000,0x00007f25dd54d000)]
  0x00007f26443bd000 JavaThread "JavaFX Application Thread" [_thread_in_native, id=7972, stack(0x00007f25dd54d000,0x00007f25dd64e000)]
  0x00007f26443ba000 JavaThread "Thread-1" daemon [_thread_blocked, id=7971, stack(0x00007f262802e000,0x00007f262812f000)]
=>0x00007f26442ee000 JavaThread "QuantumRenderer-0" daemon [_thread_in_native, id=7969, stack(0x00007f2629ff2000,0x00007f262a0f3000)]
  0x00007f2644200800 JavaThread "Service Thread" daemon [_thread_blocked, id=7967, stack(0x00007f262a289000,0x00007f262a38a000)]
  0x00007f26441fd800 JavaThread "C1 CompilerThread2" daemon [_thread_blocked, id=7966, stack(0x00007f262a38b000,0x00007f262a48b000)]
  0x00007f26441fb800 JavaThread "C2 CompilerThread1" daemon [_thread_in_native, id=7965, stack(0x00007f262a48c000,0x00007f262a58c000)]
  0x00007f26441fa000 JavaThread "C2 CompilerThread0" daemon [_thread_in_native, id=7964, stack(0x00007f262a7a4000,0x00007f262a8a4000)]
  0x00007f26441f8000 JavaThread "Monitor Ctrl-Break" daemon [_thread_in_native, id=7963, stack(0x00007f262a8a4000,0x00007f262a9a5000)]
  0x00007f2644181800 JavaThread "Signal Dispatcher" daemon [_thread_blocked, id=7956, stack(0x00007f262a9a5000,0x00007f262aaa6000)]
  0x00007f264414e000 JavaThread "Finalizer" daemon [_thread_blocked, id=7952, stack(0x00007f262b5f6000,0x00007f262b6f7000)]
  0x00007f2644149800 JavaThread "Reference Handler" daemon [_thread_blocked, id=7951, stack(0x00007f262b6f7000,0x00007f262b7f8000)]
  0x00007f264400c800 JavaThread "main" [_thread_blocked, id=7941, stack(0x00007f264c0ee000,0x00007f264c1ee000)]

Other Threads:
  0x00007f2644141800 VMThread [stack: 0x00007f262b7f9000,0x00007f262b8f9000] [id=7949]
  0x00007f2644206000 WatcherThread [stack: 0x00007f262a189000,0x00007f262a289000] [id=7968]

VM state:not at safepoint (normal execution)

VM Mutex/Monitor currently owned by a thread: None

Heap:
 PSYoungGen      total 36864K, used 8949K [0x00000000d6b80000, 0x00000000daf00000, 0x0000000100000000)
  eden space 31744K, 12% used [0x00000000d6b80000,0x00000000d6f3fc48,0x00000000d8a80000)
  from space 5120K, 99% used [0x00000000d8a80000,0x00000000d8f7dad8,0x00000000d8f80000)
  to   space 5120K, 0% used [0x00000000daa00000,0x00000000daa00000,0x00000000daf00000)
 ParOldGen       total 84992K, used 5193K [0x0000000084200000, 0x0000000089500000, 0x00000000d6b80000)
  object space 84992K, 6% used [0x0000000084200000,0x0000000084712620,0x0000000089500000)
 Metaspace       used 17160K, capacity 17842K, committed 17920K, reserved 1064960K
  class space    used 2354K, capacity 2524K, committed 2560K, reserved 1048576K

Card table byte_map: [0x00007f26487e2000,0x00007f2648bc2000] byte_map_base: 0x00007f26483c1000

Marking Bits: (ParMarkBitMap*) 0x00007f264b59b280
 Begin Bits: [0x00007f2631210000, 0x00007f2633108000)
 End Bits:   [0x00007f2633108000, 0x00007f2635000000)

Polling page: 0x00007f264c218000

CodeCache: size=245760Kb used=7792Kb max_used=7792Kb free=237967Kb
 bounds [0x00007f2635000000, 0x00007f26357b0000, 0x00007f2644000000]
 total_blobs=3183 nmethods=2549 adapters=547
 compilation: enabled

Compilation events (10 events):
Event: 17,124 Thread 0x00007f26441fd800 2539       1       javafx.scene.control.TextInputControl::access$1300 (5 bytes)
Event: 17,124 Thread 0x00007f26441fd800 nmethod 2539 0x00007f263579e250 code [0x00007f263579e3a0, 0x00007f263579e490]
Event: 17,124 Thread 0x00007f26441fd800 2552       3       javafx.scene.Node::getLayoutX (19 bytes)
Event: 17,124 Thread 0x00007f26441fd800 nmethod 2552 0x00007f263579e510 code [0x00007f263579e6a0, 0x00007f263579ea68]
Event: 17,124 Thread 0x00007f26441fd800 2554       3       com.sun.javafx.geom.transform.Identity::equals (23 bytes)
Event: 17,124 Thread 0x00007f26441fd800 nmethod 2554 0x00007f263579eb90 code [0x00007f263579ed20, 0x00007f263579f1a8]
Event: 17,124 Thread 0x00007f26441fd800 2555       3       javafx.scene.Node::impl_syncPeer (43 bytes)
Event: 17,125 Thread 0x00007f26441fd800 nmethod 2555 0x00007f263579f290 code [0x00007f263579f440, 0x00007f263579fd48]
Event: 17,125 Thread 0x00007f26441fd800 2553       3       javafx.scene.text.Text::getLogicalBounds (12 bytes)
Event: 17,125 Thread 0x00007f26441fd800 nmethod 2553 0x00007f263579ff90 code [0x00007f26357a0120, 0x00007f26357a0438]

GC Heap History (6 events):
Event: 0,688 GC heap before
{Heap before GC invocations=1 (full 0):
 PSYoungGen      total 36864K, used 31744K [0x00000000d6b80000, 0x00000000d9480000, 0x0000000100000000)
  eden space 31744K, 100% used [0x00000000d6b80000,0x00000000d8a80000,0x00000000d8a80000)
  from space 5120K, 0% used [0x00000000d8f80000,0x00000000d8f80000,0x00000000d9480000)
  to   space 5120K, 0% used [0x00000000d8a80000,0x00000000d8a80000,0x00000000d8f80000)
 ParOldGen       total 84992K, used 0K [0x0000000084200000, 0x0000000089500000, 0x00000000d6b80000)
  object space 84992K, 0% used [0x0000000084200000,0x0000000084200000,0x0000000089500000)
 Metaspace       used 10965K, capacity 11314K, committed 11648K, reserved 1058816K
  class space    used 1403K, capacity 1544K, committed 1664K, reserved 1048576K
Event: 0,696 GC heap after
Heap after GC invocations=1 (full 0):
 PSYoungGen      total 36864K, used 4172K [0x00000000d6b80000, 0x00000000db380000, 0x0000000100000000)
  eden space 31744K, 0% used [0x00000000d6b80000,0x00000000d6b80000,0x00000000d8a80000)
  from space 5120K, 81% used [0x00000000d8a80000,0x00000000d8e933d8,0x00000000d8f80000)
  to   space 5120K, 0% used [0x00000000dae80000,0x00000000dae80000,0x00000000db380000)
 ParOldGen       total 84992K, used 8K [0x0000000084200000, 0x0000000089500000, 0x00000000d6b80000)
  object space 84992K, 0% used [0x0000000084200000,0x0000000084202000,0x0000000089500000)
 Metaspace       used 10965K, capacity 11314K, committed 11648K, reserved 1058816K
  class space    used 1403K, capacity 1544K, committed 1664K, reserved 1048576K
}
Event: 6,830 GC heap before
{Heap before GC invocations=2 (full 0):
 PSYoungGen      total 36864K, used 35916K [0x00000000d6b80000, 0x00000000db380000, 0x0000000100000000)
  eden space 31744K, 100% used [0x00000000d6b80000,0x00000000d8a80000,0x00000000d8a80000)
  from space 5120K, 81% used [0x00000000d8a80000,0x00000000d8e933d8,0x00000000d8f80000)
  to   space 5120K, 0% used [0x00000000dae80000,0x00000000dae80000,0x00000000db380000)
 ParOldGen       total 84992K, used 8K [0x0000000084200000, 0x0000000089500000, 0x00000000d6b80000)
  object space 84992K, 0% used [0x0000000084200000,0x0000000084202000,0x0000000089500000)
 Metaspace       used 16574K, capacity 17286K, committed 17408K, reserved 1064960K
  class space    used 2350K, capacity 2518K, committed 2560K, reserved 1048576K
Event: 6,844 GC heap after
Heap after GC invocations=2 (full 0):
 PSYoungGen      total 36864K, used 5100K [0x00000000d6b80000, 0x00000000db380000, 0x0000000100000000)
  eden space 31744K, 0% used [0x00000000d6b80000,0x00000000d6b80000,0x00000000d8a80000)
  from space 5120K, 99% used [0x00000000dae80000,0x00000000db37b1c0,0x00000000db380000)
  to   space 5120K, 0% used [0x00000000d8a80000,0x00000000d8a80000,0x00000000d8f80000)
 ParOldGen       total 84992K, used 2276K [0x0000000084200000, 0x0000000089500000, 0x00000000d6b80000)
  object space 84992K, 2% used [0x0000000084200000,0x0000000084439098,0x0000000089500000)
 Metaspace       used 16574K, capacity 17286K, committed 17408K, reserved 1064960K
  class space    used 2350K, capacity 2518K, committed 2560K, reserved 1048576K
}
Event: 17,098 GC heap before
{Heap before GC invocations=3 (full 0):
 PSYoungGen      total 36864K, used 36844K [0x00000000d6b80000, 0x00000000db380000, 0x0000000100000000)
  eden space 31744K, 100% used [0x00000000d6b80000,0x00000000d8a80000,0x00000000d8a80000)
  from space 5120K, 99% used [0x00000000dae80000,0x00000000db37b1c0,0x00000000db380000)
  to   space 5120K, 0% used [0x00000000d8a80000,0x00000000d8a80000,0x00000000d8f80000)
 ParOldGen       total 84992K, used 2276K [0x0000000084200000, 0x0000000089500000, 0x00000000d6b80000)
  object space 84992K, 2% used [0x0000000084200000,0x0000000084439098,0x0000000089500000)
 Metaspace       used 17116K, capacity 17842K, committed 17920K, reserved 1064960K
  class space    used 2354K, capacity 2524K, committed 2560K, reserved 1048576K
Event: 17,105 GC heap after
Heap after GC invocations=3 (full 0):
 PSYoungGen      total 36864K, used 5110K [0x00000000d6b80000, 0x00000000daf00000, 0x0000000100000000)
  eden space 31744K, 0% used [0x00000000d6b80000,0x00000000d6b80000,0x00000000d8a80000)
  from space 5120K, 99% used [0x00000000d8a80000,0x00000000d8f7dad8,0x00000000d8f80000)
  to   space 5120K, 0% used [0x00000000daa00000,0x00000000daa00000,0x00000000daf00000)
 ParOldGen       total 84992K, used 5193K [0x0000000084200000, 0x0000000089500000, 0x00000000d6b80000)
  object space 84992K, 6% used [0x0000000084200000,0x0000000084712620,0x0000000089500000)
 Metaspace       used 17116K, capacity 17842K, committed 17920K, reserved 1064960K
  class space    used 2354K, capacity 2524K, committed 2560K, reserved 1048576K
}

Deoptimization events (10 events):
Event: 0,940 Thread 0x00007f26443bd000 Uncommon trap: reason=unstable_if action=reinterpret pc=0x00007f263536230c method=java.util.HashMap.hash(Ljava/lang/Object;)I @ 1
Event: 0,988 Thread 0x00007f26443bd000 Uncommon trap: reason=unstable_if action=reinterpret pc=0x00007f263526a59c method=sun.net.www.ParseUtil.encodePath(Ljava/lang/String;Z)Ljava/lang/String; @ 109
Event: 1,281 Thread 0x00007f26443bd000 Uncommon trap: reason=unstable_if action=reinterpret pc=0x00007f26353cca64 method=jdk.internal.org.objectweb.asm.Type.getArgumentsAndReturnSizes(Ljava/lang/String;)I @ 47
Event: 5,220 Thread 0x00007f26443bd000 Uncommon trap: reason=unstable_if action=reinterpret pc=0x00007f26354af1f4 method=javafx.scene.Node.updateLocalToParentTransform()V @ 4
Event: 5,240 Thread 0x00007f26443bd000 Uncommon trap: reason=unstable_if action=reinterpret pc=0x00007f26354d92cc method=com.sun.javafx.geom.RectBounds.deriveWithNewBounds(Lcom/sun/javafx/geom/BaseBounds;)Lcom/sun/javafx/geom/BaseBounds; @ 4
Event: 6,905 Thread 0x00007f26442ee000 Uncommon trap: reason=unstable_if action=reinterpret pc=0x00007f2635484ee0 method=java.util.WeakHashMap.expungeStaleEntries()V @ 9
Event: 17,113 Thread 0x00007f26443bd000 Uncommon trap: reason=array_check action=maybe_recompile pc=0x00007f26357500f0 method=com.sun.javafx.css.SimpleSelector.applies(Ljavafx/css/Styleable;[Ljava/util/Set;I)Z @ 37
Event: 17,113 Thread 0x00007f26443bd000 Uncommon trap: reason=array_check action=maybe_recompile pc=0x00007f26357500f0 method=com.sun.javafx.css.SimpleSelector.applies(Ljavafx/css/Styleable;[Ljava/util/Set;I)Z @ 37
Event: 17,113 Thread 0x00007f26443bd000 Uncommon trap: reason=array_check action=maybe_recompile pc=0x00007f26357500f0 method=com.sun.javafx.css.SimpleSelector.applies(Ljavafx/css/Styleable;[Ljava/util/Set;I)Z @ 37
Event: 17,113 Thread 0x00007f26443bd000 Uncommon trap: reason=array_check action=maybe_recompile pc=0x00007f26357500f0 method=com.sun.javafx.css.SimpleSelector.applies(Ljavafx/css/Styleable;[Ljava/util/Set;I)Z @ 37

Classes redefined (0 events):
No events

Internal exceptions (10 events):
Event: 0,417 Thread 0x00007f26443bd000 Exception <a 'java/lang/NullPointerException'> (0x00000000d7d95f00) thrown at [/HUDSON/workspace/8-2-build-linux-amd64/jdk8u171/10807/hotspot/src/share/vm/interpreter/linkResolver.cpp, line 1185]
Event: 0,417 Thread 0x00007f26443bd000 Exception <a 'java/lang/NullPointerException'> (0x00000000d7d95f00) thrown at [/HUDSON/workspace/8-2-build-linux-amd64/jdk8u171/10807/hotspot/src/share/vm/prims/jvm.cpp, line 1439]
Event: 0,466 Thread 0x00007f26443bd000 Exception <a 'java/lang/ArrayIndexOutOfBoundsException': 58> (0x00000000d8348f70) thrown at [/HUDSON/workspace/8-2-build-linux-amd64/jdk8u171/10807/hotspot/src/share/vm/interpreter/interpreterRuntime.cpp, line 366]
Event: 0,466 Thread 0x00007f26443bd000 Exception <a 'java/lang/ArrayIndexOutOfBoundsException': 18> (0x00000000d834de08) thrown at [/HUDSON/workspace/8-2-build-linux-amd64/jdk8u171/10807/hotspot/src/share/vm/interpreter/interpreterRuntime.cpp, line 366]
Event: 0,467 Thread 0x00007f26443bd000 Exception <a 'java/lang/ArrayIndexOutOfBoundsException': 86> (0x00000000d834fcb0) thrown at [/HUDSON/workspace/8-2-build-linux-amd64/jdk8u171/10807/hotspot/src/share/vm/interpreter/interpreterRuntime.cpp, line 366]
Event: 0,706 Thread 0x00007f26443bd000 Exception <a 'java/lang/ArrayIndexOutOfBoundsException'> (0x00000000d6ba79c8) thrown at [/HUDSON/workspace/8-2-build-linux-amd64/jdk8u171/10807/hotspot/src/share/vm/runtime/sharedRuntime.cpp, line 605]
Event: 0,754 Thread 0x00007f26443bd000 Exception <a 'java/lang/ArrayIndexOutOfBoundsException'> (0x00000000d7351ee8) thrown at [/HUDSON/workspace/8-2-build-linux-amd64/jdk8u171/10807/hotspot/src/share/vm/runtime/sharedRuntime.cpp, line 605]
Event: 0,772 Thread 0x00007f26443bd000 Exception <a 'java/io/FileNotFoundException'> (0x00000000d748fd20) thrown at [/HUDSON/workspace/8-2-build-linux-amd64/jdk8u171/10807/hotspot/src/share/vm/prims/jni.cpp, line 709]
Event: 0,940 Thread 0x00007f26443bd000 Implicit null exception at 0x00007f26352e04b5 to 0x00007f26352e06d1
Event: 0,940 Thread 0x00007f26443bd000 Implicit null exception at 0x00007f26353618fb to 0x00007f26353622f1

Events (10 events):
Event: 17,113 Thread 0x00007f26443bd000 DEOPT UNPACKING pc=0x00007f263504573a sp=0x00007f25dd649060 mode 2
Event: 17,113 Thread 0x00007f26443bd000 Uncommon trap: trap_request=0xffffffd6 fr.pc=0x00007f26357500f0
Event: 17,113 Thread 0x00007f26443bd000 DEOPT PACKING pc=0x00007f26357500f0 sp=0x00007f25dd649080
Event: 17,113 Thread 0x00007f26443bd000 DEOPT UNPACKING pc=0x00007f263504573a sp=0x00007f25dd649060 mode 2
Event: 17,113 Thread 0x00007f26443bd000 Uncommon trap: trap_request=0xffffffd6 fr.pc=0x00007f26357500f0
Event: 17,113 Thread 0x00007f26443bd000 DEOPT PACKING pc=0x00007f26357500f0 sp=0x00007f25dd649180
Event: 17,113 Thread 0x00007f26443bd000 DEOPT UNPACKING pc=0x00007f263504573a sp=0x00007f25dd649160 mode 2
Event: 17,113 Thread 0x00007f26443bd000 Uncommon trap: trap_request=0xffffffd6 fr.pc=0x00007f26357500f0
Event: 17,113 Thread 0x00007f26443bd000 DEOPT PACKING pc=0x00007f26357500f0 sp=0x00007f25dd649000
Event: 17,113 Thread 0x00007f26443bd000 DEOPT UNPACKING pc=0x00007f263504573a sp=0x00007f25dd648fe0 mode 2


Dynamic libraries:
00400000-00401000 r-xp 00000000 08:07 20840848                           /usr/lib/jvm/java-8-oracle/bin/java
00600000-00601000 rw-p 00000000 08:07 20840848                           /usr/lib/jvm/java-8-oracle/bin/java
0182c000-0184d000 rw-p 00000000 00:00 0                                  [heap]
84200000-89500000 rw-p 00000000 00:00 0 
89500000-d6b80000 ---p 00000000 00:00 0 
d6b80000-daf00000 rw-p 00000000 00:00 0 
daf00000-100000000 ---p 00000000 00:00 0 
100000000-100280000 rw-p 00000000 00:00 0 
100280000-140000000 ---p 00000000 00:00 0 
7f25c7000000-7f25c7100000 rw-p 00000000 00:00 0 
7f25c7100000-7f25c7200000 ---p 00000000 00:00 0 
7f25c7200000-7f25c7600000 rw-s 11ea68000 00:06 329                       /dev/dri/card0
7f25c7600000-7f25c8000000 rwxp 00000000 00:00 0 
7f25c8000000-7f25c8021000 rw-p 00000000 00:00 0 
7f25c8021000-7f25cc000000 ---p 00000000 00:00 0 
7f25cc000000-7f25cc021000 rw-p 00000000 00:00 0 
7f25cc021000-7f25d0000000 ---p 00000000 00:00 0 
7f25d0000000-7f25d0021000 rw-p 00000000 00:00 0 
7f25d0021000-7f25d4000000 ---p 00000000 00:00 0 
7f25d4000000-7f25d42cb000 rw-p 00000000 00:00 0 
7f25d42cb000-7f25d8000000 ---p 00000000 00:00 0 
7f25d8000000-7f25d8021000 rw-p 00000000 00:00 0 
7f25d8021000-7f25dc000000 ---p 00000000 00:00 0 
7f25dc12f000-7f25dc32f000 rw-s 11b0c4000 00:06 329                       /dev/dri/card0
7f25dc374000-7f25dc3f4000 rw-s 11a5a4000 00:06 329                       /dev/dri/card0
7f25dc3f4000-7f25dc4a1000 r--p 00000000 08:07 21759507                   /usr/share/fonts/truetype/dejavu/DejaVuSans-Bold.ttf
7f25dc4a1000-7f25dc55a000 r--p 00000000 08:07 21759508                   /usr/share/fonts/truetype/dejavu/DejaVuSans.ttf
7f25dc55a000-7f25dc75a000 rw-p 00000000 00:00 0 
7f25dc75a000-7f25dc75d000 ---p 00000000 00:00 0 
7f25dc75d000-7f25dca5b000 rw-p 00000000 00:00 0 
7f25dca5b000-7f25dcaad000 r--p 00000000 08:07 21759509                   /usr/share/fonts/truetype/dejavu/DejaVuSansMono-Bold.ttf
7f25dcaad000-7f25dcb04000 r--p 00000000 08:07 21759694                   /usr/share/fonts/truetype/ubuntu/Ubuntu-R.ttf
7f25dcb04000-7f25dcb59000 r--p 00000000 08:07 21106587                   /usr/lib/jvm/java-8-oracle/jre/lib/fonts/LucidaBrightRegular.ttf
7f25dcb59000-7f25dcb95000 r--p 00000000 08:07 21106591                   /usr/lib/jvm/java-8-oracle/jre/lib/fonts/LucidaTypewriterRegular.ttf
7f25dcb95000-7f25dcc40000 r--p 00000000 08:07 21106586                   /usr/lib/jvm/java-8-oracle/jre/lib/fonts/LucidaSansRegular.ttf
7f25dcc40000-7f25dcc44000 r-xp 00000000 08:07 21238185                   /usr/lib/jvm/java-8-oracle/jre/lib/amd64/libjavafx_font_pango.so
7f25dcc44000-7f25dce43000 ---p 00004000 08:07 21238185                   /usr/lib/jvm/java-8-oracle/jre/lib/amd64/libjavafx_font_pango.so
7f25dce43000-7f25dce44000 rw-p 00003000 08:07 21238185                   /usr/lib/jvm/java-8-oracle/jre/lib/amd64/libjavafx_font_pango.so
7f25dce44000-7f25dce49000 r-xp 00000000 08:07 21238188                   /usr/lib/jvm/java-8-oracle/jre/lib/amd64/libjavafx_font_freetype.so
7f25dce49000-7f25dd048000 ---p 00005000 08:07 21238188                   /usr/lib/jvm/java-8-oracle/jre/lib/amd64/libjavafx_font_freetype.so
7f25dd048000-7f25dd049000 rw-p 00004000 08:07 21238188                   /usr/lib/jvm/java-8-oracle/jre/lib/amd64/libjavafx_font_freetype.so
7f25dd049000-7f25dd04c000 r-xp 00000000 08:07 21238236                   /usr/lib/jvm/java-8-oracle/jre/lib/amd64/libjavafx_font.so
7f25dd04c000-7f25dd24b000 ---p 00003000 08:07 21238236                   /usr/lib/jvm/java-8-oracle/jre/lib/amd64/libjavafx_font.so
7f25dd24b000-7f25dd24c000 rw-p 00002000 08:07 21238236                   /usr/lib/jvm/java-8-oracle/jre/lib/amd64/libjavafx_font.so
7f25dd24c000-7f25dd44c000 rw-p 00000000 00:00 0 
7f25dd44c000-7f25dd44f000 ---p 00000000 00:00 0 
7f25dd44f000-7f25dd54d000 rw-p 00000000 00:00 0 
7f25dd54d000-7f25dd550000 ---p 00000000 00:00 0 
7f25dd550000-7f25dd64e000 rw-p 00000000 00:00 0 
7f25dd64e000-7f25dd688000 r-xp 00000000 08:07 20975039                   /usr/lib/x86_64-linux-gnu/gtk-2.0/2.10.0/engines/libmurrine.so
7f25dd688000-7f25dd888000 ---p 0003a000 08:07 20975039                   /usr/lib/x86_64-linux-gnu/gtk-2.0/2.10.0/engines/libmurrine.so
7f25dd888000-7f25dd889000 r--p 0003a000 08:07 20975039                   /usr/lib/x86_64-linux-gnu/gtk-2.0/2.10.0/engines/libmurrine.so
7f25dd889000-7f25dd88a000 rw-p 0003b000 08:07 20975039                   /usr/lib/x86_64-linux-gnu/gtk-2.0/2.10.0/engines/libmurrine.so
7f25dd88a000-7f25dd89e000 r-xp 00000000 08:07 3019380                    /lib/x86_64-linux-gnu/libgpg-error.so.0.22.0
7f25dd89e000-7f25dda9d000 ---p 00014000 08:07 3019380                    /lib/x86_64-linux-gnu/libgpg-error.so.0.22.0
7f25dda9d000-7f25dda9e000 r--p 00013000 08:07 3019380                    /lib/x86_64-linux-gnu/libgpg-error.so.0.22.0
7f25dda9e000-7f25dda9f000 rw-p 00014000 08:07 3019380                    /lib/x86_64-linux-gnu/libgpg-error.so.0.22.0
7f25dda9f000-7f25ddbb3000 r-xp 00000000 08:07 3019378                    /lib/x86_64-linux-gnu/libgcrypt.so.20.2.1
7f25ddbb3000-7f25dddb2000 ---p 00114000 08:07 3019378                    /lib/x86_64-linux-gnu/libgcrypt.so.20.2.1
7f25dddb2000-7f25dddb4000 r--p 00113000 08:07 3019378                    /lib/x86_64-linux-gnu/libgcrypt.so.20.2.1
7f25dddb4000-7f25dddb9000 rw-p 00115000 08:07 3019378                    /lib/x86_64-linux-gnu/libgcrypt.so.20.2.1
7f25dddb9000-7f25dddba000 rw-p 00000000 00:00 0 
7f25dddba000-7f25dddd5000 r-xp 00000000 08:07 20717875                   /usr/lib/x86_64-linux-gnu/liblz4.so.1.7.1
7f25dddd5000-7f25ddfd4000 ---p 0001b000 08:07 20717875                   /usr/lib/x86_64-linux-gnu/liblz4.so.1.7.1
7f25ddfd4000-7f25ddfd5000 r--p 0001a000 08:07 20717875                   /usr/lib/x86_64-linux-gnu/liblz4.so.1.7.1
7f25ddfd5000-7f25ddfd6000 rw-p 0001b000 08:07 20717875                   /usr/lib/x86_64-linux-gnu/liblz4.so.1.7.1
7f25ddfd6000-7f25ddffa000 r-xp 00000000 08:07 3019399                    /lib/x86_64-linux-gnu/liblzma.so.5.2.2
7f25ddffa000-7f25de1fa000 ---p 00024000 08:07 3019399                    /lib/x86_64-linux-gnu/liblzma.so.5.2.2
7f25de1fa000-7f25de1fb000 r--p 00024000 08:07 3019399                    /lib/x86_64-linux-gnu/liblzma.so.5.2.2
7f25de1fb000-7f25de1fc000 rw-p 00025000 08:07 3019399                    /lib/x86_64-linux-gnu/liblzma.so.5.2.2
7f25de1fc000-7f25de27c000 r-xp 00000000 08:07 3019493                    /lib/x86_64-linux-gnu/libsystemd.so.0.21.0
7f25de27c000-7f25de47b000 ---p 00080000 08:07 3019493                    /lib/x86_64-linux-gnu/libsystemd.so.0.21.0
7f25de47b000-7f25de47e000 r--p 0007f000 08:07 3019493                    /lib/x86_64-linux-gnu/libsystemd.so.0.21.0
7f25de47e000-7f25de47f000 rw-p 00082000 08:07 3019493                    /lib/x86_64-linux-gnu/libsystemd.so.0.21.0
7f25de47f000-7f25de480000 rw-p 00000000 00:00 0 
7f25de480000-7f25de4ac000 r-xp 00000000 08:07 20717257                   /usr/lib/x86_64-linux-gnu/libatspi.so.0.0.1
7f25de4ac000-7f25de6ac000 ---p 0002c000 08:07 20717257                   /usr/lib/x86_64-linux-gnu/libatspi.so.0.0.1
7f25de6ac000-7f25de6af000 r--p 0002c000 08:07 20717257                   /usr/lib/x86_64-linux-gnu/libatspi.so.0.0.1
7f25de6af000-7f25de6b0000 rw-p 0002f000 08:07 20717257                   /usr/lib/x86_64-linux-gnu/libatspi.so.0.0.1
7f25de6b0000-7f25de6fb000 r-xp 00000000 08:07 3019354                    /lib/x86_64-linux-gnu/libdbus-1.so.3.19.4
7f25de6fb000-7f25de8fb000 ---p 0004b000 08:07 3019354                    /lib/x86_64-linux-gnu/libdbus-1.so.3.19.4
7f25de8fb000-7f25de8fc000 r--p 0004b000 08:07 3019354                    /lib/x86_64-linux-gnu/libdbus-1.so.3.19.4
7f25de8fc000-7f25de8fd000 rw-p 0004c000 08:07 3019354                    /lib/x86_64-linux-gnu/libdbus-1.so.3.19.4
7f25de8fd000-7f25de92b000 r-xp 00000000 08:07 20717255                   /usr/lib/x86_64-linux-gnu/libatk-bridge-2.0.so.0.0.0
7f25de92b000-7f25deb2b000 ---p 0002e000 08:07 20717255                   /usr/lib/x86_64-linux-gnu/libatk-bridge-2.0.so.0.0.0
7f25deb2b000-7f25deb2c000 r--p 0002e000 08:07 20717255                   /usr/lib/x86_64-linux-gnu/libatk-bridge-2.0.so.0.0.0
7f25deb2c000-7f25deb2d000 rw-p 0002f000 08:07 20717255                   /usr/lib/x86_64-linux-gnu/libatk-bridge-2.0.so.0.0.0
7f25deb2d000-7f25deb2e000 rw-p 00000000 00:00 0 
7f25deb2e000-7f25deb2f000 r-xp 00000000 08:07 20975057                   /usr/lib/x86_64-linux-gnu/gtk-2.0/modules/libatk-bridge.so
7f25deb2f000-7f25ded2e000 ---p 00001000 08:07 20975057                   /usr/lib/x86_64-linux-gnu/gtk-2.0/modules/libatk-bridge.so
7f25ded2e000-7f25ded2f000 r--p 00000000 08:07 20975057                   /usr/lib/x86_64-linux-gnu/gtk-2.0/modules/libatk-bridge.so
7f25ded2f000-7f25ded30000 rw-p 00001000 08:07 20975057                   /usr/lib/x86_64-linux-gnu/gtk-2.0/modules/libatk-bridge.so
7f25ded30000-7f25ded37000 r-xp 00000000 08:07 20717551                   /usr/lib/x86_64-linux-gnu/libgailutil.so.18.0.1
7f25ded37000-7f25def36000 ---p 00007000 08:07 20717551                   /usr/lib/x86_64-linux-gnu/libgailutil.so.18.0.1
7f25def36000-7f25def37000 r--p 00006000 08:07 20717551                   /usr/lib/x86_64-linux-gnu/libgailutil.so.18.0.1
7f25def37000-7f25def38000 rw-p 00007000 08:07 20717551                   /usr/lib/x86_64-linux-gnu/libgailutil.so.18.0.1
7f25def38000-7f25def85000 r-xp 00000000 08:07 20975059                   /usr/lib/x86_64-linux-gnu/gtk-2.0/modules/libgail.so
7f25def85000-7f25df185000 ---p 0004d000 08:07 20975059                   /usr/lib/x86_64-linux-gnu/gtk-2.0/modules/libgail.so
7f25df185000-7f25df186000 r--p 0004d000 08:07 20975059                   /usr/lib/x86_64-linux-gnu/gtk-2.0/modules/libgail.so
7f25df186000-7f25df188000 rw-p 0004e000 08:07 20975059                   /usr/lib/x86_64-linux-gnu/gtk-2.0/modules/libgail.so
7f25df188000-7f25df1b1000 r-xp 00000000 08:07 21238210                   /usr/lib/jvm/java-8-oracle/jre/lib/amd64/libglass.so
7f25df1b1000-7f25df3b0000 ---p 00029000 08:07 21238210                   /usr/lib/jvm/java-8-oracle/jre/lib/amd64/libglass.so
7f25df3b0000-7f25df3b3000 rw-p 00028000 08:07 21238210                   /usr/lib/jvm/java-8-oracle/jre/lib/amd64/libglass.so
7f25df3b3000-7f25df3b4000 ---p 00000000 00:00 0 
7f25df3b4000-7f25dfbb4000 rw-p 00000000 00:00 0 
7f25dfbb4000-7f25dfcf5000 rw-s 00000000 08:07 14155793                   /home/minhnguyen/.cache/mesa_shader_cache/index
7f25dfcf5000-7f25dfd1a000 r-xp 00000000 08:07 3019497                    /lib/x86_64-linux-gnu/libtinfo.so.5.9
7f25dfd1a000-7f25dff1a000 ---p 00025000 08:07 3019497                    /lib/x86_64-linux-gnu/libtinfo.so.5.9
7f25dff1a000-7f25dff1e000 r--p 00025000 08:07 3019497                    /lib/x86_64-linux-gnu/libtinfo.so.5.9
7f25dff1e000-7f25dff1f000 rw-p 00029000 08:07 3019497                    /lib/x86_64-linux-gnu/libtinfo.so.5.9
7f25dff1f000-7f25dff50000 r-xp 00000000 08:07 20717465                   /usr/lib/x86_64-linux-gnu/libedit.so.2.0.56
7f25dff50000-7f25e014f000 ---p 00031000 08:07 20717465                   /usr/lib/x86_64-linux-gnu/libedit.so.2.0.56
7f25e014f000-7f25e0151000 r--p 00030000 08:07 20717465                   /usr/lib/x86_64-linux-gnu/libedit.so.2.0.56
7f25e0151000-7f25e0152000 rw-p 00032000 08:07 20717465                   /usr/lib/x86_64-linux-gnu/libedit.so.2.0.56
7f25e0152000-7f25e0156000 rw-p 00000000 00:00 0 
7f25e0156000-7f25e3818000 r-xp 00000000 08:07 20717153                   /usr/lib/x86_64-linux-gnu/libLLVM-6.0.so.1
7f25e3818000-7f25e3819000 ---p 036c2000 08:07 20717153                   /usr/lib/x86_64-linux-gnu/libLLVM-6.0.so.1
7f25e3819000-7f25e3b89000 r--p 036c2000 08:07 20717153                   /usr/lib/x86_64-linux-gnu/libLLVM-6.0.so.1
7f25e3b89000-7f25e3b97000 rw-p 03a32000 08:07 20717153                   /usr/lib/x86_64-linux-gnu/libLLVM-6.0.so.1
7f25e3b97000-7f25e3bf2000 rw-p 00000000 00:00 0 
7f25e3bf2000-7f25e3c0b000 r-xp 00000000 08:07 20717470                   /usr/lib/x86_64-linux-gnu/libelf-0.170.so
7f25e3c0b000-7f25e3e0a000 ---p 00019000 08:07 20717470                   /usr/lib/x86_64-linux-gnu/libelf-0.170.so
7f25e3e0a000-7f25e3e0b000 r--p 00018000 08:07 20717470                   /usr/lib/x86_64-linux-gnu/libelf-0.170.so
7f25e3e0b000-7f25e3e0c000 rw-p 00019000 08:07 20717470                   /usr/lib/x86_64-linux-gnu/libelf-0.170.so
7f25e3e0c000-7f25e3e15000 r-xp 00000000 08:07 20717435                   /usr/lib/x86_64-linux-gnu/libdrm_amdgpu.so.1.0.0
7f25e3e15000-7f25e4014000 ---p 00009000 08:07 20717435                   /usr/lib/x86_64-linux-gnu/libdrm_amdgpu.so.1.0.0
7f25e4014000-7f25e4015000 r--p 00008000 08:07 20717435                   /usr/lib/x86_64-linux-gnu/libdrm_amdgpu.so.1.0.0
7f25e4015000-7f25e4016000 rw-p 00009000 08:07 20717435                   /usr/lib/x86_64-linux-gnu/libdrm_amdgpu.so.1.0.0
7f25e4016000-7f25e4021000 r-xp 00000000 08:07 20717441                   /usr/lib/x86_64-linux-gnu/libdrm_radeon.so.1.0.1
7f25e4021000-7f25e4220000 ---p 0000b000 08:07 20717441                   /usr/lib/x86_64-linux-gnu/libdrm_radeon.so.1.0.1
7f25e4220000-7f25e4221000 r--p 0000a000 08:07 20717441                   /usr/lib/x86_64-linux-gnu/libdrm_radeon.so.1.0.1
7f25e4221000-7f25e4222000 rw-p 0000b000 08:07 20717441                   /usr/lib/x86_64-linux-gnu/libdrm_radeon.so.1.0.1
7f25e4222000-7f25e4229000 r-xp 00000000 08:07 20717439                   /usr/lib/x86_64-linux-gnu/libdrm_nouveau.so.2.0.0
7f25e4229000-7f25e4428000 ---p 00007000 08:07 20717439                   /usr/lib/x86_64-linux-gnu/libdrm_nouveau.so.2.0.0
7f25e4428000-7f25e4429000 r--p 00006000 08:07 20717439                   /usr/lib/x86_64-linux-gnu/libdrm_nouveau.so.2.0.0
7f25e4429000-7f25e442a000 rw-p 00007000 08:07 20717439                   /usr/lib/x86_64-linux-gnu/libdrm_nouveau.so.2.0.0
7f25e442a000-7f25e4438000 r-xp 00000000 08:07 20718133                   /usr/lib/x86_64-linux-gnu/libsensors.so.4.4.0
7f25e4438000-7f25e4637000 ---p 0000e000 08:07 20718133                   /usr/lib/x86_64-linux-gnu/libsensors.so.4.4.0
7f25e4637000-7f25e4638000 r--p 0000d000 08:07 20718133                   /usr/lib/x86_64-linux-gnu/libsensors.so.4.4.0
7f25e4638000-7f25e4639000 rw-p 0000e000 08:07 20718133                   /usr/lib/x86_64-linux-gnu/libsensors.so.4.4.0
7f25e4639000-7f25e50c1000 r-xp 00000000 08:07 20973944                   /usr/lib/x86_64-linux-gnu/dri/nouveau_dri.so
7f25e50c1000-7f25e52c1000 ---p 00a88000 08:07 20973944                   /usr/lib/x86_64-linux-gnu/dri/nouveau_dri.so
7f25e52c1000-7f25e5316000 r--p 00a88000 08:07 20973944                   /usr/lib/x86_64-linux-gnu/dri/nouveau_dri.so
7f25e5316000-7f25e531f000 rw-p 00add000 08:07 20973944                   /usr/lib/x86_64-linux-gnu/dri/nouveau_dri.so
7f25e531f000-7f25e5518000 rw-p 00000000 00:00 0 
7f25e5518000-7f25e5528000 r-xp 00000000 08:07 20717433                   /usr/lib/x86_64-linux-gnu/libdrm.so.2.4.0
7f25e5528000-7f25e5727000 ---p 00010000 08:07 20717433                   /usr/lib/x86_64-linux-gnu/libdrm.so.2.4.0
7f25e5727000-7f25e5728000 r--p 0000f000 08:07 20717433                   /usr/lib/x86_64-linux-gnu/libdrm.so.2.4.0
7f25e5728000-7f25e5729000 rw-p 00010000 08:07 20717433                   /usr/lib/x86_64-linux-gnu/libdrm.so.2.4.0
7f25e5729000-7f25e572d000 r-xp 00000000 08:07 20718335                   /usr/lib/x86_64-linux-gnu/libxcb-dri2.so.0.0.0
7f25e572d000-7f25e592c000 ---p 00004000 08:07 20718335                   /usr/lib/x86_64-linux-gnu/libxcb-dri2.so.0.0.0
7f25e592c000-7f25e592d000 r--p 00003000 08:07 20718335                   /usr/lib/x86_64-linux-gnu/libxcb-dri2.so.0.0.0
7f25e592d000-7f25e592e000 rw-p 00004000 08:07 20718335                   /usr/lib/x86_64-linux-gnu/libxcb-dri2.so.0.0.0
7f25e592e000-7f25e5946000 r-xp 00000000 08:07 20718339                   /usr/lib/x86_64-linux-gnu/libxcb-glx.so.0.0.0
7f25e5946000-7f25e5b46000 ---p 00018000 08:07 20718339                   /usr/lib/x86_64-linux-gnu/libxcb-glx.so.0.0.0
7f25e5b46000-7f25e5b48000 r--p 00018000 08:07 20718339                   /usr/lib/x86_64-linux-gnu/libxcb-glx.so.0.0.0
7f25e5b48000-7f25e5b49000 rw-p 0001a000 08:07 20718339                   /usr/lib/x86_64-linux-gnu/libxcb-glx.so.0.0.0
7f25e5b49000-7f25e5b4a000 r-xp 00000000 08:07 20717161                   /usr/lib/x86_64-linux-gnu/libX11-xcb.so.1.0.0
7f25e5b4a000-7f25e5d49000 ---p 00001000 08:07 20717161                   /usr/lib/x86_64-linux-gnu/libX11-xcb.so.1.0.0
7f25e5d49000-7f25e5d4a000 r--p 00000000 08:07 20717161                   /usr/lib/x86_64-linux-gnu/libX11-xcb.so.1.0.0
7f25e5d4a000-7f25e5d4b000 rw-p 00001000 08:07 20717161                   /usr/lib/x86_64-linux-gnu/libX11-xcb.so.1.0.0
7f25e5d4b000-7f25e5d77000 r-xp 00000000 08:07 20717601                   /usr/lib/x86_64-linux-gnu/libglapi.so.0.0.0
7f25e5d77000-7f25e5f76000 ---p 0002c000 08:07 20717601                   /usr/lib/x86_64-linux-gnu/libglapi.so.0.0.0
7f25e5f76000-7f25e5f7a000 r--p 0002b000 08:07 20717601                   /usr/lib/x86_64-linux-gnu/libglapi.so.0.0.0
7f25e5f7a000-7f25e5f7b000 rw-p 0002f000 08:07 20717601                   /usr/lib/x86_64-linux-gnu/libglapi.so.0.0.0
7f25e5f7b000-7f25e5f7c000 rw-p 00000000 00:00 0 
7f25e5f7c000-7f25e5f7d000 r-xp 00000000 08:07 20718387                   /usr/lib/x86_64-linux-gnu/libxshmfence.so.1.0.0
7f25e5f7d000-7f25e617c000 ---p 00001000 08:07 20718387                   /usr/lib/x86_64-linux-gnu/libxshmfence.so.1.0.0
7f25e617c000-7f25e617d000 r--p 00000000 08:07 20718387                   /usr/lib/x86_64-linux-gnu/libxshmfence.so.1.0.0
7f25e617d000-7f25e617e000 rw-p 00001000 08:07 20718387                   /usr/lib/x86_64-linux-gnu/libxshmfence.so.1.0.0
7f25e617e000-7f25e6183000 r-xp 00000000 08:07 20718361                   /usr/lib/x86_64-linux-gnu/libxcb-sync.so.1.0.0
7f25e6183000-7f25e6383000 ---p 00005000 08:07 20718361                   /usr/lib/x86_64-linux-gnu/libxcb-sync.so.1.0.0
7f25e6383000-7f25e6384000 r--p 00005000 08:07 20718361                   /usr/lib/x86_64-linux-gnu/libxcb-sync.so.1.0.0
7f25e6384000-7f25e6385000 rw-p 00006000 08:07 20718361                   /usr/lib/x86_64-linux-gnu/libxcb-sync.so.1.0.0
7f25e6385000-7f25e6387000 r-xp 00000000 08:07 20718347                   /usr/lib/x86_64-linux-gnu/libxcb-present.so.0.0.0
7f25e6387000-7f25e6586000 ---p 00002000 08:07 20718347                   /usr/lib/x86_64-linux-gnu/libxcb-present.so.0.0.0
7f25e6586000-7f25e6587000 r--p 00001000 08:07 20718347                   /usr/lib/x86_64-linux-gnu/libxcb-present.so.0.0.0
7f25e6587000-7f25e6588000 rw-p 00002000 08:07 20718347                   /usr/lib/x86_64-linux-gnu/libxcb-present.so.0.0.0
7f25e6588000-7f25e658b000 r-xp 00000000 08:07 20718337                   /usr/lib/x86_64-linux-gnu/libxcb-dri3.so.0.0.0
7f25e658b000-7f25e678a000 ---p 00003000 08:07 20718337                   /usr/lib/x86_64-linux-gnu/libxcb-dri3.so.0.0.0
7f25e678a000-7f25e678b000 r--p 00002000 08:07 20718337                   /usr/lib/x86_64-linux-gnu/libxcb-dri3.so.0.0.0
7f25e678b000-7f25e678c000 rw-p 00003000 08:07 20718337                   /usr/lib/x86_64-linux-gnu/libxcb-dri3.so.0.0.0
7f25e678c000-7f25e67fc000 r-xp 00000000 08:07 20717127                   /usr/lib/x86_64-linux-gnu/libGLX_mesa.so.0.0.0
7f25e67fc000-7f25e69fb000 ---p 00070000 08:07 20717127                   /usr/lib/x86_64-linux-gnu/libGLX_mesa.so.0.0.0
7f25e69fb000-7f25e69fe000 r--p 0006f000 08:07 20717127                   /usr/lib/x86_64-linux-gnu/libGLX_mesa.so.0.0.0
7f25e69fe000-7f25e69ff000 rw-p 00072000 08:07 20717127                   /usr/lib/x86_64-linux-gnu/libGLX_mesa.so.0.0.0
7f25e69ff000-7f25e6a00000 rw-p 00000000 00:00 0 
7f25e6a00000-7f25e6a13000 r-xp 00000000 08:07 3019335                    /lib/x86_64-linux-gnu/libbsd.so.0.8.7
7f25e6a13000-7f25e6c12000 ---p 00013000 08:07 3019335                    /lib/x86_64-linux-gnu/libbsd.so.0.8.7
7f25e6c12000-7f25e6c13000 r--p 00012000 08:07 3019335                    /lib/x86_64-linux-gnu/libbsd.so.0.8.7
7f25e6c13000-7f25e6c14000 rw-p 00013000 08:07 3019335                    /lib/x86_64-linux-gnu/libbsd.so.0.8.7
7f25e6c14000-7f25e6c15000 rw-p 00000000 00:00 0 
7f25e6c15000-7f25e6c1b000 r-xp 00000000 08:07 3021546                    /lib/x86_64-linux-gnu/libuuid.so.1.3.0
7f25e6c1b000-7f25e6e1a000 ---p 00006000 08:07 3021546                    /lib/x86_64-linux-gnu/libuuid.so.1.3.0
7f25e6e1a000-7f25e6e1b000 r--p 00005000 08:07 3021546                    /lib/x86_64-linux-gnu/libuuid.so.1.3.0
7f25e6e1b000-7f25e6e1c000 rw-p 00006000 08:07 3021546                    /lib/x86_64-linux-gnu/libuuid.so.1.3.0
7f25e6e1c000-7f25e6e22000 r-xp 00000000 08:07 20717395                   /usr/lib/x86_64-linux-gnu/libdatrie.so.1.3.3
7f25e6e22000-7f25e7021000 ---p 00006000 08:07 20717395                   /usr/lib/x86_64-linux-gnu/libdatrie.so.1.3.3
7f25e7021000-7f25e7022000 r--p 00005000 08:07 20717395                   /usr/lib/x86_64-linux-gnu/libdatrie.so.1.3.3
7f25e7022000-7f25e7023000 rw-p 00006000 08:07 20717395                   /usr/lib/x86_64-linux-gnu/libdatrie.so.1.3.3
7f25e7023000-7f25e7028000 r-xp 00000000 08:07 20717178                   /usr/lib/x86_64-linux-gnu/libXdmcp.so.6.0.0
7f25e7028000-7f25e7227000 ---p 00005000 08:07 20717178                   /usr/lib/x86_64-linux-gnu/libXdmcp.so.6.0.0
7f25e7227000-7f25e7228000 r--p 00004000 08:07 20717178                   /usr/lib/x86_64-linux-gnu/libXdmcp.so.6.0.0
7f25e7228000-7f25e7229000 rw-p 00005000 08:07 20717178                   /usr/lib/x86_64-linux-gnu/libXdmcp.so.6.0.0
7f25e7229000-7f25e722b000 r-xp 00000000 08:07 20717167                   /usr/lib/x86_64-linux-gnu/libXau.so.6.0.0
7f25e722b000-7f25e742b000 ---p 00002000 08:07 20717167                   /usr/lib/x86_64-linux-gnu/libXau.so.6.0.0
7f25e742b000-7f25e742c000 r--p 00002000 08:07 20717167                   /usr/lib/x86_64-linux-gnu/libXau.so.6.0.0
7f25e742c000-7f25e742d000 rw-p 00003000 08:07 20717167                   /usr/lib/x86_64-linux-gnu/libXau.so.6.0.0
7f25e742d000-7f25e7458000 r-xp 00000000 08:07 20717652                   /usr/lib/x86_64-linux-gnu/libgraphite2.so.3.0.1
7f25e7458000-7f25e7657000 ---p 0002b000 08:07 20717652                   /usr/lib/x86_64-linux-gnu/libgraphite2.so.3.0.1
7f25e7657000-7f25e7659000 r--p 0002a000 08:07 20717652                   /usr/lib/x86_64-linux-gnu/libgraphite2.so.3.0.1
7f25e7659000-7f25e765a000 rw-p 0002c000 08:07 20717652                   /usr/lib/x86_64-linux-gnu/libgraphite2.so.3.0.1
7f25e765a000-7f25e76a1000 r-xp 00000000 08:07 3019506                    /lib/x86_64-linux-gnu/libblkid.so.1.1.0
7f25e76a1000-7f25e78a1000 ---p 00047000 08:07 3019506                    /lib/x86_64-linux-gnu/libblkid.so.1.1.0
7f25e78a1000-7f25e78a5000 r--p 00047000 08:07 3019506                    /lib/x86_64-linux-gnu/libblkid.so.1.1.0
7f25e78a5000-7f25e78a6000 rw-p 0004b000 08:07 3019506                    /lib/x86_64-linux-gnu/libblkid.so.1.1.0
7f25e78a6000-7f25e78a7000 rw-p 00000000 00:00 0 
7f25e78a7000-7f25e7915000 r-xp 00000000 08:07 20717129                   /usr/lib/x86_64-linux-gnu/libGLdispatch.so.0.0.0
7f25e7915000-7f25e7b14000 ---p 0006e000 08:07 20717129                   /usr/lib/x86_64-linux-gnu/libGLdispatch.so.0.0.0
7f25e7b14000-7f25e7b3c000 r--p 0006d000 08:07 20717129                   /usr/lib/x86_64-linux-gnu/libGLdispatch.so.0.0.0
7f25e7b3c000-7f25e7b3d000 rw-p 00095000 08:07 20717129                   /usr/lib/x86_64-linux-gnu/libGLdispatch.so.0.0.0
7f25e7b3d000-7f25e7b5d000 rw-p 00000000 00:00 0 
7f25e7b5d000-7f25e7b6d000 r-xp 00000000 08:07 20717124                   /usr/lib/x86_64-linux-gnu/libGLX.so.0.0.0
7f25e7b6d000-7f25e7d6c000 ---p 00010000 08:07 20717124                   /usr/lib/x86_64-linux-gnu/libGLX.so.0.0.0
7f25e7d6c000-7f25e7d6d000 r--p 0000f000 08:07 20717124                   /usr/lib/x86_64-linux-gnu/libGLX.so.0.0.0
7f25e7d6d000-7f25e7d6e000 rw-p 00010000 08:07 20717124                   /usr/lib/x86_64-linux-gnu/libGLX.so.0.0.0
7f25e7d6e000-7f25e7d8e000 rw-p 00000000 00:00 0 
7f25e7d8e000-7f25e7dfe000 r-xp 00000000 08:07 3019461                    /lib/x86_64-linux-gnu/libpcre.so.3.13.3
7f25e7dfe000-7f25e7ffe000 ---p 00070000 08:07 3019461                    /lib/x86_64-linux-gnu/libpcre.so.3.13.3
7f25e7ffe000-7f25e7fff000 r--p 00070000 08:07 3019461                    /lib/x86_64-linux-gnu/libpcre.so.3.13.3
7f25e7fff000-7f25e8000000 rw-p 00071000 08:07 3019461                    /lib/x86_64-linux-gnu/libpcre.so.3.13.3
7f25e8000000-7f25e8312000 rw-p 00000000 00:00 0 
7f25e8312000-7f25ec000000 ---p 00000000 00:00 0 
7f25ec010000-7f25ec024000 r--p 00000000 08:07 21106585                   /usr/lib/jvm/java-8-oracle/jre/lib/fonts/LucidaBrightItalic.ttf
7f25ec024000-7f25ec072000 r--p 00000000 08:07 21106588                   /usr/lib/jvm/java-8-oracle/jre/lib/fonts/LucidaSansDemiBold.ttf
7f25ec072000-7f25ec085000 r--p 00000000 08:07 21106593                   /usr/lib/jvm/java-8-oracle/jre/lib/fonts/LucidaBrightDemiBold.ttf
7f25ec085000-7f25ec08c000 r-xp 00000000 08:07 20717509                   /usr/lib/x86_64-linux-gnu/libffi.so.6.0.4
7f25ec08c000-7f25ec28b000 ---p 00007000 08:07 20717509                   /usr/lib/x86_64-linux-gnu/libffi.so.6.0.4
7f25ec28b000-7f25ec28c000 r--p 00006000 08:07 20717509                   /usr/lib/x86_64-linux-gnu/libffi.so.6.0.4
7f25ec28c000-7f25ec28d000 rw-p 00007000 08:07 20717509                   /usr/lib/x86_64-linux-gnu/libffi.so.6.0.4
7f25ec28d000-7f25ec2bc000 r-xp 00000000 08:07 3019369                    /lib/x86_64-linux-gnu/libexpat.so.1.6.7
7f25ec2bc000-7f25ec4bc000 ---p 0002f000 08:07 3019369                    /lib/x86_64-linux-gnu/libexpat.so.1.6.7
7f25ec4bc000-7f25ec4be000 r--p 0002f000 08:07 3019369                    /lib/x86_64-linux-gnu/libexpat.so.1.6.7
7f25ec4be000-7f25ec4bf000 rw-p 00031000 08:07 3019369                    /lib/x86_64-linux-gnu/libexpat.so.1.6.7
7f25ec4bf000-7f25ec4c7000 r-xp 00000000 08:07 20718209                   /usr/lib/x86_64-linux-gnu/libthai.so.0.3.0
7f25ec4c7000-7f25ec6c6000 ---p 00008000 08:07 20718209                   /usr/lib/x86_64-linux-gnu/libthai.so.0.3.0
7f25ec6c6000-7f25ec6c7000 r--p 00007000 08:07 20718209                   /usr/lib/x86_64-linux-gnu/libthai.so.0.3.0
7f25ec6c7000-7f25ec6c8000 rw-p 00008000 08:07 20718209                   /usr/lib/x86_64-linux-gnu/libthai.so.0.3.0
7f25ec6c8000-7f25ec6d4000 r-xp 00000000 08:07 20718353                   /usr/lib/x86_64-linux-gnu/libxcb-render.so.0.0.0
7f25ec6d4000-7f25ec8d3000 ---p 0000c000 08:07 20718353                   /usr/lib/x86_64-linux-gnu/libxcb-render.so.0.0.0
7f25ec8d3000-7f25ec8d4000 r--p 0000b000 08:07 20718353                   /usr/lib/x86_64-linux-gnu/libxcb-render.so.0.0.0
7f25ec8d4000-7f25ec8d5000 rw-p 0000c000 08:07 20718353                   /usr/lib/x86_64-linux-gnu/libxcb-render.so.0.0.0
7f25ec8d5000-7f25ec8fb000 r-xp 00000000 08:07 20718371                   /usr/lib/x86_64-linux-gnu/libxcb.so.1.1.0
7f25ec8fb000-7f25ecafb000 ---p 00026000 08:07 20718371                   /usr/lib/x86_64-linux-gnu/libxcb.so.1.1.0
7f25ecafb000-7f25ecafc000 r--p 00026000 08:07 20718371                   /usr/lib/x86_64-linux-gnu/libxcb.so.1.1.0
7f25ecafc000-7f25ecafd000 rw-p 00027000 08:07 20718371                   /usr/lib/x86_64-linux-gnu/libxcb.so.1.1.0
7f25ecafd000-7f25ecaff000 r-xp 00000000 08:07 20718359                   /usr/lib/x86_64-linux-gnu/libxcb-shm.so.0.0.0
7f25ecaff000-7f25eccfe000 ---p 00002000 08:07 20718359                   /usr/lib/x86_64-linux-gnu/libxcb-shm.so.0.0.0
7f25eccfe000-7f25eccff000 r--p 00001000 08:07 20718359                   /usr/lib/x86_64-linux-gnu/libxcb-shm.so.0.0.0
7f25eccff000-7f25ecd00000 rw-p 00002000 08:07 20718359                   /usr/lib/x86_64-linux-gnu/libxcb-shm.so.0.0.0
7f25ecd00000-7f25ecd31000 r-xp 00000000 08:07 20718031                   /usr/lib/x86_64-linux-gnu/libpng16.so.16.34.0
7f25ecd31000-7f25ecf30000 ---p 00031000 08:07 20718031                   /usr/lib/x86_64-linux-gnu/libpng16.so.16.34.0
7f25ecf30000-7f25ecf31000 r--p 00030000 08:07 20718031                   /usr/lib/x86_64-linux-gnu/libpng16.so.16.34.0
7f25ecf31000-7f25ecf32000 rw-p 00031000 08:07 20718031                   /usr/lib/x86_64-linux-gnu/libpng16.so.16.34.0
7f25ecf32000-7f25ecfcf000 r-xp 00000000 08:07 20718025                   /usr/lib/x86_64-linux-gnu/libpixman-1.so.0.34.0
7f25ecfcf000-7f25ed1ce000 ---p 0009d000 08:07 20718025                   /usr/lib/x86_64-linux-gnu/libpixman-1.so.0.34.0
7f25ed1ce000-7f25ed1d6000 r--p 0009c000 08:07 20718025                   /usr/lib/x86_64-linux-gnu/libpixman-1.so.0.34.0
7f25ed1d6000-7f25ed1d7000 rw-p 000a4000 08:07 20718025                   /usr/lib/x86_64-linux-gnu/libpixman-1.so.0.34.0
7f25ed1d7000-7f25ed273000 r-xp 00000000 08:07 20717735                   /usr/lib/x86_64-linux-gnu/libharfbuzz.so.0.10702.0
7f25ed273000-7f25ed473000 ---p 0009c000 08:07 20717735                   /usr/lib/x86_64-linux-gnu/libharfbuzz.so.0.10702.0
7f25ed473000-7f25ed474000 r--p 0009c000 08:07 20717735                   /usr/lib/x86_64-linux-gnu/libharfbuzz.so.0.10702.0
7f25ed474000-7f25ed475000 rw-p 0009d000 08:07 20717735                   /usr/lib/x86_64-linux-gnu/libharfbuzz.so.0.10702.0
7f25ed475000-7f25ed4c6000 r-xp 00000000 08:07 3019372                    /lib/x86_64-linux-gnu/libmount.so.1.1.0
7f25ed4c6000-7f25ed6c5000 ---p 00051000 08:07 3019372                    /lib/x86_64-linux-gnu/libmount.so.1.1.0
7f25ed6c5000-7f25ed6c7000 r--p 00050000 08:07 3019372                    /lib/x86_64-linux-gnu/libmount.so.1.1.0
7f25ed6c7000-7f25ed6c8000 rw-p 00052000 08:07 3019372                    /lib/x86_64-linux-gnu/libmount.so.1.1.0
7f25ed6c8000-7f25ed6c9000 rw-p 00000000 00:00 0 
7f25ed6c9000-7f25ed6e0000 r-xp 00000000 08:07 3019478                    /lib/x86_64-linux-gnu/libresolv-2.27.so
7f25ed6e0000-7f25ed8e0000 ---p 00017000 08:07 3019478                    /lib/x86_64-linux-gnu/libresolv-2.27.so
7f25ed8e0000-7f25ed8e1000 r--p 00017000 08:07 3019478                    /lib/x86_64-linux-gnu/libresolv-2.27.so
7f25ed8e1000-7f25ed8e2000 rw-p 00018000 08:07 3019478                    /lib/x86_64-linux-gnu/libresolv-2.27.so
7f25ed8e2000-7f25ed8e4000 rw-p 00000000 00:00 0 
7f25ed8e4000-7f25ed909000 r-xp 00000000 08:07 3019484                    /lib/x86_64-linux-gnu/libselinux.so.1
7f25ed909000-7f25edb08000 ---p 00025000 08:07 3019484                    /lib/x86_64-linux-gnu/libselinux.so.1
7f25edb08000-7f25edb09000 r--p 00024000 08:07 3019484                    /lib/x86_64-linux-gnu/libselinux.so.1
7f25edb09000-7f25edb0a000 rw-p 00025000 08:07 3019484                    /lib/x86_64-linux-gnu/libselinux.so.1
7f25edb0a000-7f25edb0c000 rw-p 00000000 00:00 0 
7f25edb0c000-7f25edb28000 r-xp 00000000 08:07 3019511                    /lib/x86_64-linux-gnu/libz.so.1.2.11
7f25edb28000-7f25edd27000 ---p 0001c000 08:07 3019511                    /lib/x86_64-linux-gnu/libz.so.1.2.11
7f25edd27000-7f25edd28000 r--p 0001b000 08:07 3019511                    /lib/x86_64-linux-gnu/libz.so.1.2.11
7f25edd28000-7f25edd29000 rw-p 0001c000 08:07 3019511                    /lib/x86_64-linux-gnu/libz.so.1.2.11
7f25edd29000-7f25edd3a000 r-xp 00000000 08:07 20717180                   /usr/lib/x86_64-linux-gnu/libXext.so.6.4.0
7f25edd3a000-7f25edf39000 ---p 00011000 08:07 20717180                   /usr/lib/x86_64-linux-gnu/libXext.so.6.4.0
7f25edf39000-7f25edf3a000 r--p 00010000 08:07 20717180                   /usr/lib/x86_64-linux-gnu/libXext.so.6.4.0
7f25edf3a000-7f25edf3b000 rw-p 00011000 08:07 20717180                   /usr/lib/x86_64-linux-gnu/libXext.so.6.4.0
7f25edf3b000-7f25edf3d000 r-xp 00000000 08:07 20717176                   /usr/lib/x86_64-linux-gnu/libXdamage.so.1.1.0
7f25edf3d000-7f25ee13c000 ---p 00002000 08:07 20717176                   /usr/lib/x86_64-linux-gnu/libXdamage.so.1.1.0
7f25ee13c000-7f25ee13d000 r--p 00001000 08:07 20717176                   /usr/lib/x86_64-linux-gnu/libXdamage.so.1.1.0
7f25ee13d000-7f25ee13e000 rw-p 00002000 08:07 20717176                   /usr/lib/x86_64-linux-gnu/libXdamage.so.1.1.0
7f25ee13e000-7f25ee140000 r-xp 00000000 08:07 20717172                   /usr/lib/x86_64-linux-gnu/libXcomposite.so.1.0.0
7f25ee140000-7f25ee33f000 ---p 00002000 08:07 20717172                   /usr/lib/x86_64-linux-gnu/libXcomposite.so.1.0.0
7f25ee33f000-7f25ee340000 r--p 00001000 08:07 20717172                   /usr/lib/x86_64-linux-gnu/libXcomposite.so.1.0.0
7f25ee340000-7f25ee341000 rw-p 00002000 08:07 20717172                   /usr/lib/x86_64-linux-gnu/libXcomposite.so.1.0.0
7f25ee341000-7f25ee34a000 r-xp 00000000 08:07 20717174                   /usr/lib/x86_64-linux-gnu/libXcursor.so.1.0.2
7f25ee34a000-7f25ee549000 ---p 00009000 08:07 20717174                   /usr/lib/x86_64-linux-gnu/libXcursor.so.1.0.2
7f25ee549000-7f25ee54a000 r--p 00008000 08:07 20717174                   /usr/lib/x86_64-linux-gnu/libXcursor.so.1.0.2
7f25ee54a000-7f25ee54b000 rw-p 00009000 08:07 20717174                   /usr/lib/x86_64-linux-gnu/libXcursor.so.1.0.2
7f25ee54b000-7f25ee555000 r-xp 00000000 08:07 20717198                   /usr/lib/x86_64-linux-gnu/libXrandr.so.2.2.0
7f25ee555000-7f25ee754000 ---p 0000a000 08:07 20717198                   /usr/lib/x86_64-linux-gnu/libXrandr.so.2.2.0
7f25ee754000-7f25ee755000 r--p 00009000 08:07 20717198                   /usr/lib/x86_64-linux-gnu/libXrandr.so.2.2.0
7f25ee755000-7f25ee756000 rw-p 0000a000 08:07 20717198                   /usr/lib/x86_64-linux-gnu/libXrandr.so.2.2.0
7f25ee756000-7f25ee765000 r-xp 00000000 08:07 20717188                   /usr/lib/x86_64-linux-gnu/libXi.so.6.1.0
7f25ee765000-7f25ee964000 ---p 0000f000 08:07 20717188                   /usr/lib/x86_64-linux-gnu/libXi.so.6.1.0
7f25ee964000-7f25ee965000 r--p 0000e000 08:07 20717188                   /usr/lib/x86_64-linux-gnu/libXi.so.6.1.0
7f25ee965000-7f25ee966000 rw-p 0000f000 08:07 20717188                   /usr/lib/x86_64-linux-gnu/libXi.so.6.1.0
7f25ee966000-7f25ee968000 r-xp 00000000 08:07 20717190                   /usr/lib/x86_64-linux-gnu/libXinerama.so.1.0.0
7f25ee968000-7f25eeb67000 ---p 00002000 08:07 20717190                   /usr/lib/x86_64-linux-gnu/libXinerama.so.1.0.0
7f25eeb67000-7f25eeb68000 r--p 00001000 08:07 20717190                   /usr/lib/x86_64-linux-gnu/libXinerama.so.1.0.0
7f25eeb68000-7f25eeb69000 rw-p 00002000 08:07 20717190                   /usr/lib/x86_64-linux-gnu/libXinerama.so.1.0.0
7f25eeb69000-7f25eeb72000 r-xp 00000000 08:07 20717200                   /usr/lib/x86_64-linux-gnu/libXrender.so.1.3.0
7f25eeb72000-7f25eed71000 ---p 00009000 08:07 20717200                   /usr/lib/x86_64-linux-gnu/libXrender.so.1.3.0
7f25eed71000-7f25eed72000 r--p 00008000 08:07 20717200                   /usr/lib/x86_64-linux-gnu/libXrender.so.1.3.0
7f25eed72000-7f25eed73000 rw-p 00009000 08:07 20717200                   /usr/lib/x86_64-linux-gnu/libXrender.so.1.3.0
7f25eed73000-7f25eed78000 r-xp 00000000 08:07 20717182                   /usr/lib/x86_64-linux-gnu/libXfixes.so.3.1.0
7f25eed78000-7f25eef77000 ---p 00005000 08:07 20717182                   /usr/lib/x86_64-linux-gnu/libXfixes.so.3.1.0
7f25eef77000-7f25eef78000 r--p 00004000 08:07 20717182                   /usr/lib/x86_64-linux-gnu/libXfixes.so.3.1.0
7f25eef78000-7f25eef79000 rw-p 00005000 08:07 20717182                   /usr/lib/x86_64-linux-gnu/libXfixes.so.3.1.0
7f25eef79000-7f25eef90000 r-xp 00000000 08:07 3019376                    /lib/x86_64-linux-gnu/libgcc_s.so.1
7f25eef90000-7f25ef18f000 ---p 00017000 08:07 3019376                    /lib/x86_64-linux-gnu/libgcc_s.so.1
7f25ef18f000-7f25ef190000 r--p 00016000 08:07 3019376                    /lib/x86_64-linux-gnu/libgcc_s.so.1
7f25ef190000-7f25ef191000 rw-p 00017000 08:07 3019376                    /lib/x86_64-linux-gnu/libgcc_s.so.1
7f25ef191000-7f25ef30f000 r-xp 00000000 08:07 20718188                   /usr/lib/x86_64-linux-gnu/libstdc++.so.6.0.25
7f25ef30f000-7f25ef50f000 ---p 0017e000 08:07 20718188                   /usr/lib/x86_64-linux-gnu/libstdc++.so.6.0.25
7f25ef50f000-7f25ef519000 r--p 0017e000 08:07 20718188                   /usr/lib/x86_64-linux-gnu/libstdc++.so.6.0.25
7f25ef519000-7f25ef51b000 rw-p 00188000 08:07 20718188                   /usr/lib/x86_64-linux-gnu/libstdc++.so.6.0.25
7f25ef51b000-7f25ef51f000 rw-p 00000000 00:00 0 
7f25ef51f000-7f25ef590000 r-xp 00000000 08:07 20717118                   /usr/lib/x86_64-linux-gnu/libGL.so.1.0.0
7f25ef590000-7f25ef78f000 ---p 00071000 08:07 20717118                   /usr/lib/x86_64-linux-gnu/libGL.so.1.0.0
7f25ef78f000-7f25ef7a9000 r--p 00070000 08:07 20717118                   /usr/lib/x86_64-linux-gnu/libGL.so.1.0.0
7f25ef7a9000-7f25ef7aa000 rw-p 0008a000 08:07 20717118                   /usr/lib/x86_64-linux-gnu/libGL.so.1.0.0
7f25ef7aa000-7f25ef7ab000 rw-p 00000000 00:00 0 
7f25ef7ab000-7f25ef7b0000 r-xp 00000000 08:07 20717216                   /usr/lib/x86_64-linux-gnu/libXxf86vm.so.1.0.0
7f25ef7b0000-7f25ef9af000 ---p 00005000 08:07 20717216                   /usr/lib/x86_64-linux-gnu/libXxf86vm.so.1.0.0
7f25ef9af000-7f25ef9b0000 r--p 00004000 08:07 20717216                   /usr/lib/x86_64-linux-gnu/libXxf86vm.so.1.0.0
7f25ef9b0000-7f25ef9b1000 rw-p 00005000 08:07 20717216                   /usr/lib/x86_64-linux-gnu/libXxf86vm.so.1.0.0
7f25ef9b1000-7f25efae5000 r-xp 00000000 08:07 20717163                   /usr/lib/x86_64-linux-gnu/libX11.so.6.3.0
7f25efae5000-7f25efce5000 ---p 00134000 08:07 20717163                   /usr/lib/x86_64-linux-gnu/libX11.so.6.3.0
7f25efce5000-7f25efce6000 r--p 00134000 08:07 20717163                   /usr/lib/x86_64-linux-gnu/libX11.so.6.3.0
7f25efce6000-7f25efcea000 rw-p 00135000 08:07 20717163                   /usr/lib/x86_64-linux-gnu/libX11.so.6.3.0
7f25efcea000-7f25efdfd000 r-xp 00000000 08:07 20717603                   /usr/lib/x86_64-linux-gnu/libglib-2.0.so.0.5600.1
7f25efdfd000-7f25efffd000 ---p 00113000 08:07 20717603                   /usr/lib/x86_64-linux-gnu/libglib-2.0.so.0.5600.1
7f25efffd000-7f25efffe000 r--p 00113000 08:07 20717603                   /usr/lib/x86_64-linux-gnu/libglib-2.0.so.0.5600.1
7f25efffe000-7f25effff000 rw-p 00114000 08:07 20717603                   /usr/lib/x86_64-linux-gnu/libglib-2.0.so.0.5600.1
7f25effff000-7f25f0000000 rw-p 00000000 00:00 0 
7f25f0000000-7f25f0021000 rw-p 00000000 00:00 0 
7f25f0021000-7f25f4000000 ---p 00000000 00:00 0 
7f25f4000000-7f25f4021000 rw-p 00000000 00:00 0 
7f25f4021000-7f25f8000000 ---p 00000000 00:00 0 
7f25f8000000-7f25f8281000 rw-p 00000000 00:00 0 
7f25f8281000-7f25fc000000 ---p 00000000 00:00 0 
7f25fc000000-7f25fc4f6000 rw-p 00000000 00:00 0 
7f25fc4f6000-7f2600000000 ---p 00000000 00:00 0 
7f2600000000-7f26003a0000 rw-p 00000000 00:00 0 
7f26003a0000-7f2604000000 ---p 00000000 00:00 0 
7f2604000000-7f2604022000 rw-p 00000000 00:00 0 
7f2604022000-7f2608000000 ---p 00000000 00:00 0 
7f2608007000-7f260800c000 r--s 00084000 08:07 21106573                   /usr/lib/jvm/java-8-oracle/jre/lib/jfr.jar
7f260800c000-7f2608046000 r--p 00000000 08:07 21106592                   /usr/lib/jvm/java-8-oracle/jre/lib/fonts/LucidaTypewriterBold.ttf
7f2608046000-7f2608059000 r--p 00000000 08:07 21106590                   /usr/lib/jvm/java-8-oracle/jre/lib/fonts/LucidaBrightDemiItalic.ttf
7f2608059000-7f260805e000 r-xp 00000000 08:07 20717206                   /usr/lib/x86_64-linux-gnu/libXtst.so.6.1.0
7f260805e000-7f260825d000 ---p 00005000 08:07 20717206                   /usr/lib/x86_64-linux-gnu/libXtst.so.6.1.0
7f260825d000-7f260825e000 r--p 00004000 08:07 20717206                   /usr/lib/x86_64-linux-gnu/libXtst.so.6.1.0
7f260825e000-7f260825f000 rw-p 00005000 08:07 20717206                   /usr/lib/x86_64-linux-gnu/libXtst.so.6.1.0
7f260825f000-7f2608260000 r-xp 00000000 08:07 20717706                   /usr/lib/x86_64-linux-gnu/libgthread-2.0.so.0.5600.1
7f2608260000-7f260845f000 ---p 00001000 08:07 20717706                   /usr/lib/x86_64-linux-gnu/libgthread-2.0.so.0.5600.1
7f260845f000-7f2608460000 r--p 00000000 08:07 20717706                   /usr/lib/x86_64-linux-gnu/libgthread-2.0.so.0.5600.1
7f2608460000-7f2608461000 rw-p 00001000 08:07 20717706                   /usr/lib/x86_64-linux-gnu/libgthread-2.0.so.0.5600.1
7f2608461000-7f2608464000 r-xp 00000000 08:07 20717607                   /usr/lib/x86_64-linux-gnu/libgmodule-2.0.so.0.5600.1
7f2608464000-7f2608663000 ---p 00003000 08:07 20717607                   /usr/lib/x86_64-linux-gnu/libgmodule-2.0.so.0.5600.1
7f2608663000-7f2608664000 r--p 00002000 08:07 20717607                   /usr/lib/x86_64-linux-gnu/libgmodule-2.0.so.0.5600.1
7f2608664000-7f2608665000 rw-p 00003000 08:07 20717607                   /usr/lib/x86_64-linux-gnu/libgmodule-2.0.so.0.5600.1
7f2608665000-7f26086b7000 r-xp 00000000 08:07 20717631                   /usr/lib/x86_64-linux-gnu/libgobject-2.0.so.0.5600.1
7f26086b7000-7f26088b7000 ---p 00052000 08:07 20717631                   /usr/lib/x86_64-linux-gnu/libgobject-2.0.so.0.5600.1
7f26088b7000-7f26088b8000 r--p 00052000 08:07 20717631                   /usr/lib/x86_64-linux-gnu/libgobject-2.0.so.0.5600.1
7f26088b8000-7f26088b9000 rw-p 00053000 08:07 20717631                   /usr/lib/x86_64-linux-gnu/libgobject-2.0.so.0.5600.1
7f26088b9000-7f26088f7000 r-xp 00000000 08:07 20717523                   /usr/lib/x86_64-linux-gnu/libfontconfig.so.1.10.1
7f26088f7000-7f2608af7000 ---p 0003e000 08:07 20717523                   /usr/lib/x86_64-linux-gnu/libfontconfig.so.1.10.1
7f2608af7000-7f2608af9000 r--p 0003e000 08:07 20717523                   /usr/lib/x86_64-linux-gnu/libfontconfig.so.1.10.1
7f2608af9000-7f2608afe000 rw-p 00040000 08:07 20717523                   /usr/lib/x86_64-linux-gnu/libfontconfig.so.1.10.1
7f2608afe000-7f2608bab000 r-xp 00000000 08:07 20717541                   /usr/lib/x86_64-linux-gnu/libfreetype.so.6.15.0
7f2608bab000-7f2608daa000 ---p 000ad000 08:07 20717541                   /usr/lib/x86_64-linux-gnu/libfreetype.so.6.15.0
7f2608daa000-7f2608db1000 r--p 000ac000 08:07 20717541                   /usr/lib/x86_64-linux-gnu/libfreetype.so.6.15.0
7f2608db1000-7f2608db2000 rw-p 000b3000 08:07 20717541                   /usr/lib/x86_64-linux-gnu/libfreetype.so.6.15.0
7f2608db2000-7f2608dfc000 r-xp 00000000 08:07 20717993                   /usr/lib/x86_64-linux-gnu/libpango-1.0.so.0.4000.14
7f2608dfc000-7f2608ffb000 ---p 0004a000 08:07 20717993                   /usr/lib/x86_64-linux-gnu/libpango-1.0.so.0.4000.14
7f2608ffb000-7f2608ffe000 r--p 00049000 08:07 20717993                   /usr/lib/x86_64-linux-gnu/libpango-1.0.so.0.4000.14
7f2608ffe000-7f2608fff000 rw-p 0004c000 08:07 20717993                   /usr/lib/x86_64-linux-gnu/libpango-1.0.so.0.4000.14
7f2608fff000-7f260c000000 rw-p 00000000 00:00 0 
7f260c000000-7f260c021000 rw-p 00000000 00:00 0 
7f260c021000-7f2610000000 ---p 00000000 00:00 0 
7f2610000000-7f2610021000 rw-p 00000000 00:00 0 
7f2610021000-7f2614000000 ---p 00000000 00:00 0 
7f2614000000-7f2614021000 rw-p 00000000 00:00 0 
7f2614021000-7f2618000000 ---p 00000000 00:00 0 
7f2618000000-7f2618021000 rw-p 00000000 00:00 0 
7f2618021000-7f261c000000 ---p 00000000 00:00 0 
7f261c000000-7f261c021000 rw-p 00000000 00:00 0 
7f261c021000-7f2620000000 ---p 00000000 00:00 0 
7f2620000000-7f2620021000 rw-p 00000000 00:00 0 
7f2620021000-7f2624000000 ---p 00000000 00:00 0 
7f2624000000-7f2624021000 rw-p 00000000 00:00 0 
7f2624021000-7f2628000000 ---p 00000000 00:00 0 
7f2628002000-7f2628007000 r--s 0009d000 08:07 21106643                   /usr/lib/jvm/java-8-oracle/jre/lib/jsse.jar
7f2628007000-7f2628012000 r--s 00000000 08:07 10879078                   /var/cache/fontconfig/945677eb7aeaf62f1d50efc3fb3ec7d8-le64.cache-7
7f2628012000-7f2628017000 r--s 00000000 08:07 10879049                   /var/cache/fontconfig/2300eef321c393bfd76478a5c0e95b23-le64.cache-7
7f2628017000-7f2628018000 r--s 00000000 08:07 10879042                   /var/cache/fontconfig/0d8c3b2ac0904cb8a57a757ad11a4a08-le64.cache-7
7f2628018000-7f262802d000 r--s 00000000 08:07 10879038                   /var/cache/fontconfig/04aabc0a78ac019cf9454389977116d2-le64.cache-7
7f262802d000-7f262802e000 r--s 00000000 08:07 10879046                   /var/cache/fontconfig/1ac9eb803944fde146138c791f5cc56a-le64.cache-7
7f262802e000-7f2628031000 ---p 00000000 00:00 0 
7f2628031000-7f262812f000 rw-p 00000000 00:00 0 
7f262812f000-7f2628247000 r-xp 00000000 08:07 20717318                   /usr/lib/x86_64-linux-gnu/libcairo.so.2.11510.0
7f2628247000-7f2628446000 ---p 00118000 08:07 20717318                   /usr/lib/x86_64-linux-gnu/libcairo.so.2.11510.0
7f2628446000-7f2628449000 r--p 00117000 08:07 20717318                   /usr/lib/x86_64-linux-gnu/libcairo.so.2.11510.0
7f2628449000-7f262844b000 rw-p 0011a000 08:07 20717318                   /usr/lib/x86_64-linux-gnu/libcairo.so.2.11510.0
7f262844b000-7f262844c000 rw-p 00000000 00:00 0 
7f262844c000-7f2628458000 r-xp 00000000 08:07 20717995                   /usr/lib/x86_64-linux-gnu/libpangocairo-1.0.so.0.4000.14
7f2628458000-7f2628657000 ---p 0000c000 08:07 20717995                   /usr/lib/x86_64-linux-gnu/libpangocairo-1.0.so.0.4000.14
7f2628657000-7f2628658000 r--p 0000b000 08:07 20717995                   /usr/lib/x86_64-linux-gnu/libpangocairo-1.0.so.0.4000.14
7f2628658000-7f2628659000 rw-p 0000c000 08:07 20717995                   /usr/lib/x86_64-linux-gnu/libpangocairo-1.0.so.0.4000.14
7f2628659000-7f262867b000 r-xp 00000000 08:07 20717579                   /usr/lib/x86_64-linux-gnu/libgdk_pixbuf-2.0.so.0.3611.0
7f262867b000-7f262887b000 ---p 00022000 08:07 20717579                   /usr/lib/x86_64-linux-gnu/libgdk_pixbuf-2.0.so.0.3611.0
7f262887b000-7f262887c000 r--p 00022000 08:07 20717579                   /usr/lib/x86_64-linux-gnu/libgdk_pixbuf-2.0.so.0.3611.0
7f262887c000-7f262887d000 rw-p 00023000 08:07 20717579                   /usr/lib/x86_64-linux-gnu/libgdk_pixbuf-2.0.so.0.3611.0
7f262887d000-7f2628891000 r-xp 00000000 08:07 20717997                   /usr/lib/x86_64-linux-gnu/libpangoft2-1.0.so.0.4000.14
7f2628891000-7f2628a91000 ---p 00014000 08:07 20717997                   /usr/lib/x86_64-linux-gnu/libpangoft2-1.0.so.0.4000.14
7f2628a91000-7f2628a92000 r--p 00014000 08:07 20717997                   /usr/lib/x86_64-linux-gnu/libpangoft2-1.0.so.0.4000.14
7f2628a92000-7f2628a93000 rw-p 00015000 08:07 20717997                   /usr/lib/x86_64-linux-gnu/libpangoft2-1.0.so.0.4000.14
7f2628a93000-7f2628c27000 r-xp 00000000 08:07 20717597                   /usr/lib/x86_64-linux-gnu/libgio-2.0.so.0.5600.1
7f2628c27000-7f2628e27000 ---p 00194000 08:07 20717597                   /usr/lib/x86_64-linux-gnu/libgio-2.0.so.0.5600.1
7f2628e27000-7f2628e2e000 r--p 00194000 08:07 20717597                   /usr/lib/x86_64-linux-gnu/libgio-2.0.so.0.5600.1
7f2628e2e000-7f2628e2f000 rw-p 0019b000 08:07 20717597                   /usr/lib/x86_64-linux-gnu/libgio-2.0.so.0.5600.1
7f2628e2f000-7f2629210000 rw-p 00000000 00:00 0 
7f2629210000-7f2629211000 r--s 00000000 08:07 10879097                   /var/cache/fontconfig/dc05db6664285cc2f12bf69c139ae4c3-le64.cache-7
7f2629211000-7f2629213000 r--s 00000000 08:07 10879043                   /var/cache/fontconfig/14a5e22175779b556eaa434240950366-le64.cache-7
7f2629213000-7f2629214000 r--s 00000000 08:07 10879070                   /var/cache/fontconfig/660208299946a285a940457d1287da33-le64.cache-7
7f2629214000-7f2629216000 r--s 00000000 08:07 10879061                   /var/cache/fontconfig/4f3e3037c9980c83b53a9351efadef62-le64.cache-7
7f2629216000-7f2629218000 r--s 00000000 08:07 10879075                   /var/cache/fontconfig/767a8244fc0220cfb567a839d0392e0b-le64.cache-7
7f2629218000-7f2629219000 r--s 00000000 08:07 10879056                   /var/cache/fontconfig/4794a0821666d79190d59a36cb4f44b5-le64.cache-7
7f2629219000-7f262921b000 r--s 00000000 08:07 10879040                   /var/cache/fontconfig/0bd3dc0958fa2205aaaa8ebb13e2872b-le64.cache-7
7f262921b000-7f2629220000 r--s 00000000 08:07 10879098                   /var/cache/fontconfig/def309198bfa603429122923fa2bb2d4-le64.cache-7
7f2629220000-7f2629221000 r--s 00000000 08:07 10879086                   /var/cache/fontconfig/b872e6e592da6075ffa4ab0a1fcc0c75-le64.cache-7
7f2629221000-7f2629222000 r--s 00000000 08:07 10879103                   /var/cache/fontconfig/f6d4eedfaab2589bde49f7a3ff831d22-le64.cache-7
7f2629222000-7f2629223000 r--s 00000000 08:07 10879068                   /var/cache/fontconfig/589f83ef4c36d296ce6e1c846f468f08-le64.cache-7
7f2629223000-7f2629224000 r--s 00000000 08:07 10879088                   /var/cache/fontconfig/bab58bb527bb656aaa9f116d68a48d89-le64.cache-7
7f2629224000-7f2629225000 r--s 00000000 08:07 10879047                   /var/cache/fontconfig/2171a34dccabdb6bcbbc728186263178-le64.cache-7
7f2629225000-7f2629226000 r--s 00000000 08:07 10879089                   /var/cache/fontconfig/c5c45a61289222e0d30b1a26ef4effbe-le64.cache-7
7f2629226000-7f2629227000 r--s 00000000 08:07 10879084                   /var/cache/fontconfig/aec30016f93e1b46d1a973dce0d74068-le64.cache-7
7f2629227000-7f2629228000 r--s 00000000 08:07 10879054                   /var/cache/fontconfig/3f589640d34b7dc9042c8d453f7c8b9c-le64.cache-7
7f2629228000-7f2629229000 r--s 00000000 08:07 10879044                   /var/cache/fontconfig/16c2fda60d1b4b719f4b3d06fd951d25-le64.cache-7
7f2629229000-7f262922a000 r--s 00000000 08:07 10879083                   /var/cache/fontconfig/a48eab177a16e4f3713381162db2f3e9-le64.cache-7
7f262922a000-7f262922b000 r--s 00000000 08:07 10879064                   /var/cache/fontconfig/564b2e68ac9bc4e36a6f7f6d6125ec1c-le64.cache-7
7f262922b000-7f2629230000 r--s 00000000 08:07 10879081                   /var/cache/fontconfig/9d2451b1fd30e5bffe8383fd27c35478-le64.cache-7
7f2629230000-7f2629236000 r--s 00000000 08:07 10879050                   /var/cache/fontconfig/3047814df9a2f067bd2d96a2b9c36e5a-le64.cache-7
7f2629236000-7f2629249000 r--s 00000000 08:07 10879094                   /var/cache/fontconfig/d52a8644073d54c13679302ca1180695-le64.cache-7
7f2629249000-7f26292c9000 rw-s 110a6e000 00:06 329                       /dev/dri/card0
7f26292c9000-7f26292eb000 r-xp 00000000 08:07 20717253                   /usr/lib/x86_64-linux-gnu/libatk-1.0.so.0.22810.1
7f26292eb000-7f26294eb000 ---p 00022000 08:07 20717253                   /usr/lib/x86_64-linux-gnu/libatk-1.0.so.0.22810.1
7f26294eb000-7f26294ee000 r--p 00022000 08:07 20717253                   /usr/lib/x86_64-linux-gnu/libatk-1.0.so.0.22810.1
7f26294ee000-7f26294ef000 rw-p 00025000 08:07 20717253                   /usr/lib/x86_64-linux-gnu/libatk-1.0.so.0.22810.1
7f26294ef000-7f262959f000 r-xp 00000000 08:07 20717577                   /usr/lib/x86_64-linux-gnu/libgdk-x11-2.0.so.0.2400.32
7f262959f000-7f262979e000 ---p 000b0000 08:07 20717577                   /usr/lib/x86_64-linux-gnu/libgdk-x11-2.0.so.0.2400.32
7f262979e000-7f26297a2000 r--p 000af000 08:07 20717577                   /usr/lib/x86_64-linux-gnu/libgdk-x11-2.0.so.0.2400.32
7f26297a2000-7f26297a4000 rw-p 000b3000 08:07 20717577                   /usr/lib/x86_64-linux-gnu/libgdk-x11-2.0.so.0.2400.32
7f26297a4000-7f2629bd9000 r-xp 00000000 08:07 20717710                   /usr/lib/x86_64-linux-gnu/libgtk-x11-2.0.so.0.2400.32
7f2629bd9000-7f2629dd8000 ---p 00435000 08:07 20717710                   /usr/lib/x86_64-linux-gnu/libgtk-x11-2.0.so.0.2400.32
7f2629dd8000-7f2629ddf000 r--p 00434000 08:07 20717710                   /usr/lib/x86_64-linux-gnu/libgtk-x11-2.0.so.0.2400.32
7f2629ddf000-7f2629de3000 rw-p 0043b000 08:07 20717710                   /usr/lib/x86_64-linux-gnu/libgtk-x11-2.0.so.0.2400.32
7f2629de3000-7f2629de6000 rw-p 00000000 00:00 0 
7f2629de6000-7f2629df2000 r-xp 00000000 08:07 21238239                   /usr/lib/jvm/java-8-oracle/jre/lib/amd64/libprism_es2.so
7f2629df2000-7f2629ff1000 ---p 0000c000 08:07 21238239                   /usr/lib/jvm/java-8-oracle/jre/lib/amd64/libprism_es2.so
7f2629ff1000-7f2629ff2000 rw-p 0000b000 08:07 21238239                   /usr/lib/jvm/java-8-oracle/jre/lib/amd64/libprism_es2.so
7f2629ff2000-7f2629ff5000 ---p 00000000 00:00 0 
7f2629ff5000-7f262a0f3000 rw-p 00000000 00:00 0 
7f262a0f3000-7f262a188000 r--s 0110b000 08:07 21237477                   /usr/lib/jvm/java-8-oracle/jre/lib/ext/jfxrt.jar
7f262a188000-7f262a189000 ---p 00000000 00:00 0 
7f262a189000-7f262a289000 rw-p 00000000 00:00 0 
7f262a289000-7f262a28c000 ---p 00000000 00:00 0 
7f262a28c000-7f262a38a000 rw-p 00000000 00:00 0 
7f262a38a000-7f262a38b000 ---p 00000000 00:00 0 
7f262a38b000-7f262a38e000 ---p 00000000 00:00 0 
7f262a38e000-7f262a48b000 rw-p 00000000 00:00 0 
7f262a48b000-7f262a48c000 ---p 00000000 00:00 0 
7f262a48c000-7f262a48f000 ---p 00000000 00:00 0 
7f262a48f000-7f262a58c000 rw-p 00000000 00:00 0 
7f262a58c000-7f262a5a2000 r-xp 00000000 08:07 21238235                   /usr/lib/jvm/java-8-oracle/jre/lib/amd64/libnet.so
7f262a5a2000-7f262a7a2000 ---p 00016000 08:07 21238235                   /usr/lib/jvm/java-8-oracle/jre/lib/amd64/libnet.so
7f262a7a2000-7f262a7a3000 rw-p 00016000 08:07 21238235                   /usr/lib/jvm/java-8-oracle/jre/lib/amd64/libnet.so
7f262a7a3000-7f262a7a4000 ---p 00000000 00:00 0 
7f262a7a4000-7f262a7a7000 ---p 00000000 00:00 0 
7f262a7a7000-7f262a8a4000 rw-p 00000000 00:00 0 
7f262a8a4000-7f262a8a7000 ---p 00000000 00:00 0 
7f262a8a7000-7f262a9a5000 rw-p 00000000 00:00 0 
7f262a9a5000-7f262a9a8000 ---p 00000000 00:00 0 
7f262a9a8000-7f262aaa6000 rw-p 00000000 00:00 0 
7f262aaa6000-7f262b5f6000 r--p 00000000 08:07 20716144                   /usr/lib/locale/locale-archive
7f262b5f6000-7f262b5f9000 ---p 00000000 00:00 0 
7f262b5f9000-7f262b6f7000 rw-p 00000000 00:00 0 
7f262b6f7000-7f262b6fa000 ---p 00000000 00:00 0 
7f262b6fa000-7f262b7f8000 rw-p 00000000 00:00 0 
7f262b7f8000-7f262b7f9000 ---p 00000000 00:00 0 
7f262b7f9000-7f262c000000 rw-p 00000000 00:00 0 
7f262c000000-7f262c021000 rw-p 00000000 00:00 0 
7f262c021000-7f2630000000 ---p 00000000 00:00 0 
7f2630000000-7f2630001000 r--s 00000000 08:07 10879065                   /var/cache/fontconfig/56cf4f4769d0f4abc89a4895d7bd3ae1-le64.cache-7
7f2630001000-7f2630002000 r--s 00000000 08:07 10879087                   /var/cache/fontconfig/b9d506c9ac06c20b433354fa67a72993-le64.cache-7
7f2630002000-7f2630008000 r--s 00000000 08:07 10879085                   /var/cache/fontconfig/b47c4e1ecd0709278f4910c18777a504-le64.cache-7
7f2630008000-7f2630009000 r--s 00000000 08:07 10879052                   /var/cache/fontconfig/370e5b74bf5dafc30834de68e24a87a4-le64.cache-7
7f2630009000-7f263000a000 r--s 00000000 08:07 10879073                   /var/cache/fontconfig/6b2c5944714ca7831b25bed9e85cb5c8-le64.cache-7
7f263000a000-7f263000b000 r--s 00000000 08:07 10879093                   /var/cache/fontconfig/d5178ab6d91b49bf20a416737dcea9e8-le64.cache-7
7f263000b000-7f263000c000 r--s 00000000 08:07 10879063                   /var/cache/fontconfig/551ecf3b0e8b0bca0f25c0944f561853-le64.cache-7
7f263000c000-7f263000f000 r--s 00000000 08:07 10879102                   /var/cache/fontconfig/f259c2cffa685e28062317905db73c4a-le64.cache-7
7f263000f000-7f2630011000 r--s 00000000 08:07 10879062                   /var/cache/fontconfig/550f3886151c940c12a5ed35f6a00586-le64.cache-7
7f2630011000-7f2630014000 r--s 00000000 08:07 10879071                   /var/cache/fontconfig/674d1711f2d1d2a09646eb0bdcadee49-le64.cache-7
7f2630014000-7f2630015000 r--s 00000000 08:07 10879055                   /var/cache/fontconfig/3f7329c5293ffd510edef78f73874cfd-le64.cache-7
7f2630015000-7f2630019000 r--s 00000000 08:07 10879095                   /var/cache/fontconfig/d589a48862398ed80a3d6066f4f56f4c-le64.cache-7
7f2630019000-7f263001a000 r--s 00000000 08:07 10879041                   /var/cache/fontconfig/0c9eb80ebd1c36541ebe2852d3bb0c49-le64.cache-7
7f263001a000-7f263001b000 r--s 00000000 08:07 10879048                   /var/cache/fontconfig/22368d551a680bfe5a62c02760edf4ea-le64.cache-7
7f263001b000-7f263001c000 r--s 00000000 08:07 10879060                   /var/cache/fontconfig/4d9c95eba1cb85bbcf2878543262124a-le64.cache-7
7f263001c000-7f263001d000 r--s 00000000 08:07 10879077                   /var/cache/fontconfig/85e0a52ce643a7ba2ae53e5d6949cead-le64.cache-7
7f263001d000-7f263001e000 r--s 00000000 08:07 10879057                   /var/cache/fontconfig/49f0de54bdd920fe4f0dfd4cbac43e6b-le64.cache-7
7f263001e000-7f263001f000 r--s 00000000 08:07 10879104                   /var/cache/fontconfig/f6e6e0a5c3d2f6ae0c0c2e0ecd42a997-le64.cache-7
7f263001f000-7f2630020000 r--s 00000000 08:07 10879058                   /var/cache/fontconfig/4b2eda6bb976bda485cb2176619421d5-le64.cache-7
7f2630020000-7f263002e000 r--s 00000000 08:07 10879080                   /var/cache/fontconfig/9b89f8e3dae116d678bbf48e5f21f69b-le64.cache-7
7f263002e000-7f2630836000 rw-p 00000000 00:00 0 
7f2630836000-7f2630a10000 r--s 03d68000 08:07 21106638                   /usr/lib/jvm/java-8-oracle/jre/lib/rt.jar
7f2630a10000-7f2635000000 rw-p 00000000 00:00 0 
7f2635000000-7f26357b0000 rwxp 00000000 00:00 0 
7f26357b0000-7f2644000000 ---p 00000000 00:00 0 
7f2644000000-7f2644540000 rw-p 00000000 00:00 0 
7f2644540000-7f2648000000 ---p 00000000 00:00 0 
7f2648000000-7f2648002000 r--s 00000000 08:07 10879072                   /var/cache/fontconfig/6afa1bb216ce958c1589e297e8008489-le64.cache-7
7f2648002000-7f2648010000 r--s 00000000 08:07 10889582                   /var/cache/fontconfig/e13b20fdb08344e0e664864cc2ede53d-le64.cache-7
7f2648010000-7f2648011000 rwxp 00000000 00:00 0 
7f2648011000-7f2648091000 rw-s 11219e000 00:06 329                       /dev/dri/card0
7f2648091000-7f2648092000 rw-s 1114a4000 00:06 329                       /dev/dri/card0
7f2648092000-7f26480a5000 r--s 00345000 08:07 21106642                   /usr/lib/jvm/java-8-oracle/jre/lib/resources.jar
7f26480a5000-7f26480b8000 r--s 000d6000 08:07 21106598                   /usr/lib/jvm/java-8-oracle/jre/lib/plugin.jar
7f26480b8000-7f26480d3000 r--s 0020c000 08:07 21106574                   /usr/lib/jvm/java-8-oracle/jre/lib/deploy.jar
7f26480d3000-7f2648149000 rw-p 00000000 00:00 0 
7f2648149000-7f264814a000 ---p 00000000 00:00 0 
7f264814a000-7f264824a000 rw-p 00000000 00:00 0 
7f264824a000-7f264824b000 ---p 00000000 00:00 0 
7f264824b000-7f264834b000 rw-p 00000000 00:00 0 
7f264834b000-7f264834c000 ---p 00000000 00:00 0 
7f264834c000-7f264844c000 rw-p 00000000 00:00 0 
7f264844c000-7f264844d000 ---p 00000000 00:00 0 
7f264844d000-7f2648577000 rw-p 00000000 00:00 0 
7f2648577000-7f26487e2000 ---p 00000000 00:00 0 
7f26487e2000-7f264880c000 rw-p 00000000 00:00 0 
7f264880c000-7f2648a76000 ---p 00000000 00:00 0 
7f2648a76000-7f2648a99000 rw-p 00000000 00:00 0 
7f2648a99000-7f2648bc1000 ---p 00000000 00:00 0 
7f2648bc1000-7f2648be1000 rw-p 00000000 00:00 0 
7f2648be1000-7f2648f82000 ---p 00000000 00:00 0 
7f2648f82000-7f2648f9d000 r-xp 00000000 08:07 21238231                   /usr/lib/jvm/java-8-oracle/jre/lib/amd64/libzip.so
7f2648f9d000-7f264919d000 ---p 0001b000 08:07 21238231                   /usr/lib/jvm/java-8-oracle/jre/lib/amd64/libzip.so
7f264919d000-7f264919e000 rw-p 0001b000 08:07 21238231                   /usr/lib/jvm/java-8-oracle/jre/lib/amd64/libzip.so
7f264919e000-7f26491a9000 r-xp 00000000 08:07 3019429                    /lib/x86_64-linux-gnu/libnss_files-2.27.so
7f26491a9000-7f26493a8000 ---p 0000b000 08:07 3019429                    /lib/x86_64-linux-gnu/libnss_files-2.27.so
7f26493a8000-7f26493a9000 r--p 0000a000 08:07 3019429                    /lib/x86_64-linux-gnu/libnss_files-2.27.so
7f26493a9000-7f26493aa000 rw-p 0000b000 08:07 3019429                    /lib/x86_64-linux-gnu/libnss_files-2.27.so
7f26493aa000-7f26493b0000 rw-p 00000000 00:00 0 
7f26493b0000-7f26493c7000 r-xp 00000000 08:07 3019423                    /lib/x86_64-linux-gnu/libnsl-2.27.so
7f26493c7000-7f26495c6000 ---p 00017000 08:07 3019423                    /lib/x86_64-linux-gnu/libnsl-2.27.so
7f26495c6000-7f26495c7000 r--p 00016000 08:07 3019423                    /lib/x86_64-linux-gnu/libnsl-2.27.so
7f26495c7000-7f26495c8000 rw-p 00017000 08:07 3019423                    /lib/x86_64-linux-gnu/libnsl-2.27.so
7f26495c8000-7f26495ca000 rw-p 00000000 00:00 0 
7f26495ca000-7f26495d5000 r-xp 00000000 08:07 3019440                    /lib/x86_64-linux-gnu/libnss_nis-2.27.so
7f26495d5000-7f26497d4000 ---p 0000b000 08:07 3019440                    /lib/x86_64-linux-gnu/libnss_nis-2.27.so
7f26497d4000-7f26497d5000 r--p 0000a000 08:07 3019440                    /lib/x86_64-linux-gnu/libnss_nis-2.27.so
7f26497d5000-7f26497d6000 rw-p 0000b000 08:07 3019440                    /lib/x86_64-linux-gnu/libnss_nis-2.27.so
7f26497d6000-7f26497de000 r-xp 00000000 08:07 3019425                    /lib/x86_64-linux-gnu/libnss_compat-2.27.so
7f26497de000-7f26499de000 ---p 00008000 08:07 3019425                    /lib/x86_64-linux-gnu/libnss_compat-2.27.so
7f26499de000-7f26499df000 r--p 00008000 08:07 3019425                    /lib/x86_64-linux-gnu/libnss_compat-2.27.so
7f26499df000-7f26499e0000 rw-p 00009000 08:07 3019425                    /lib/x86_64-linux-gnu/libnss_compat-2.27.so
7f26499e0000-7f26499ea000 r-xp 00000000 08:07 21238240                   /usr/lib/jvm/java-8-oracle/jre/lib/amd64/libinstrument.so
7f26499ea000-7f2649be9000 ---p 0000a000 08:07 21238240                   /usr/lib/jvm/java-8-oracle/jre/lib/amd64/libinstrument.so
7f2649be9000-7f2649bea000 rw-p 00009000 08:07 21238240                   /usr/lib/jvm/java-8-oracle/jre/lib/amd64/libinstrument.so
7f2649bea000-7f2649c15000 r-xp 00000000 08:07 21238225                   /usr/lib/jvm/java-8-oracle/jre/lib/amd64/libjava.so
7f2649c15000-7f2649e14000 ---p 0002b000 08:07 21238225                   /usr/lib/jvm/java-8-oracle/jre/lib/amd64/libjava.so
7f2649e14000-7f2649e16000 rw-p 0002a000 08:07 21238225                   /usr/lib/jvm/java-8-oracle/jre/lib/amd64/libjava.so
7f2649e16000-7f2649e23000 r-xp 00000000 08:07 21238230                   /usr/lib/jvm/java-8-oracle/jre/lib/amd64/libverify.so
7f2649e23000-7f264a023000 ---p 0000d000 08:07 21238230                   /usr/lib/jvm/java-8-oracle/jre/lib/amd64/libverify.so
7f264a023000-7f264a025000 rw-p 0000d000 08:07 21238230                   /usr/lib/jvm/java-8-oracle/jre/lib/amd64/libverify.so
7f264a025000-7f264a02c000 r-xp 00000000 08:07 3019480                    /lib/x86_64-linux-gnu/librt-2.27.so
7f264a02c000-7f264a22b000 ---p 00007000 08:07 3019480                    /lib/x86_64-linux-gnu/librt-2.27.so
7f264a22b000-7f264a22c000 r--p 00006000 08:07 3019480                    /lib/x86_64-linux-gnu/librt-2.27.so
7f264a22c000-7f264a22d000 rw-p 00007000 08:07 3019480                    /lib/x86_64-linux-gnu/librt-2.27.so
7f264a22d000-7f264a3ca000 r-xp 00000000 08:07 3019402                    /lib/x86_64-linux-gnu/libm-2.27.so
7f264a3ca000-7f264a5c9000 ---p 0019d000 08:07 3019402                    /lib/x86_64-linux-gnu/libm-2.27.so
7f264a5c9000-7f264a5ca000 r--p 0019c000 08:07 3019402                    /lib/x86_64-linux-gnu/libm-2.27.so
7f264a5ca000-7f264a5cb000 rw-p 0019d000 08:07 3019402                    /lib/x86_64-linux-gnu/libm-2.27.so
7f264a5cb000-7f264b2a4000 r-xp 00000000 08:07 21238207                   /usr/lib/jvm/java-8-oracle/jre/lib/amd64/server/libjvm.so
7f264b2a4000-7f264b4a3000 ---p 00cd9000 08:07 21238207                   /usr/lib/jvm/java-8-oracle/jre/lib/amd64/server/libjvm.so
7f264b4a3000-7f264b57d000 rw-p 00cd8000 08:07 21238207                   /usr/lib/jvm/java-8-oracle/jre/lib/amd64/server/libjvm.so
7f264b57d000-7f264b5c8000 rw-p 00000000 00:00 0 
7f264b5c8000-7f264b7af000 r-xp 00000000 08:07 3019339                    /lib/x86_64-linux-gnu/libc-2.27.so
7f264b7af000-7f264b9af000 ---p 001e7000 08:07 3019339                    /lib/x86_64-linux-gnu/libc-2.27.so
7f264b9af000-7f264b9b3000 r--p 001e7000 08:07 3019339                    /lib/x86_64-linux-gnu/libc-2.27.so
7f264b9b3000-7f264b9b5000 rw-p 001eb000 08:07 3019339                    /lib/x86_64-linux-gnu/libc-2.27.so
7f264b9b5000-7f264b9b9000 rw-p 00000000 00:00 0 
7f264b9b9000-7f264b9bc000 r-xp 00000000 08:07 3019362                    /lib/x86_64-linux-gnu/libdl-2.27.so
7f264b9bc000-7f264bbbb000 ---p 00003000 08:07 3019362                    /lib/x86_64-linux-gnu/libdl-2.27.so
7f264bbbb000-7f264bbbc000 r--p 00002000 08:07 3019362                    /lib/x86_64-linux-gnu/libdl-2.27.so
7f264bbbc000-7f264bbbd000 rw-p 00003000 08:07 3019362                    /lib/x86_64-linux-gnu/libdl-2.27.so
7f264bbbd000-7f264bbd3000 r-xp 00000000 08:07 21106487                   /usr/lib/jvm/java-8-oracle/lib/amd64/jli/libjli.so
7f264bbd3000-7f264bdd2000 ---p 00016000 08:07 21106487                   /usr/lib/jvm/java-8-oracle/lib/amd64/jli/libjli.so
7f264bdd2000-7f264bdd3000 rw-p 00015000 08:07 21106487                   /usr/lib/jvm/java-8-oracle/lib/amd64/jli/libjli.so
7f264bdd3000-7f264bded000 r-xp 00000000 08:07 3019472                    /lib/x86_64-linux-gnu/libpthread-2.27.so
7f264bded000-7f264bfec000 ---p 0001a000 08:07 3019472                    /lib/x86_64-linux-gnu/libpthread-2.27.so
7f264bfec000-7f264bfed000 r--p 00019000 08:07 3019472                    /lib/x86_64-linux-gnu/libpthread-2.27.so
7f264bfed000-7f264bfee000 rw-p 0001a000 08:07 3019472                    /lib/x86_64-linux-gnu/libpthread-2.27.so
7f264bfee000-7f264bff2000 rw-p 00000000 00:00 0 
7f264bff2000-7f264c019000 r-xp 00000000 08:07 3019311                    /lib/x86_64-linux-gnu/ld-2.27.so
7f264c019000-7f264c01b000 r--s 0001a000 07:0c 290                        /snap/intellij-idea-ultimate/47/lib/idea_rt.jar
7f264c01b000-7f264c01c000 r--s 00000000 08:07 21106580                   /usr/lib/jvm/java-8-oracle/jre/lib/management-agent.jar
7f264c01c000-7f264c0ed000 rw-p 00000000 00:00 0 
7f264c0ed000-7f264c0ee000 ---p 00000000 00:00 0 
7f264c0ee000-7f264c0f1000 ---p 00000000 00:00 0 
7f264c0f1000-7f264c1f2000 rw-p 00000000 00:00 0 
7f264c1f2000-7f264c1f7000 r--s 0009d000 08:07 21106643                   /usr/lib/jvm/java-8-oracle/jre/lib/jsse.jar
7f264c1f7000-7f264c1f9000 r--s 00007000 08:07 21106651                   /usr/lib/jvm/java-8-oracle/jre/lib/jfxswt.jar
7f264c1f9000-7f264c1fe000 r--s 00084000 08:07 21106573                   /usr/lib/jvm/java-8-oracle/jre/lib/jfr.jar
7f264c1fe000-7f264c201000 r--s 0001a000 08:07 21106649                   /usr/lib/jvm/java-8-oracle/jre/lib/jce.jar
7f264c201000-7f264c20a000 r--s 0006d000 08:07 21106583                   /usr/lib/jvm/java-8-oracle/jre/lib/javaws.jar
7f264c20a000-7f264c20f000 r--s 002f9000 08:07 21106636                   /usr/lib/jvm/java-8-oracle/jre/lib/charsets.jar
7f264c20f000-7f264c217000 rw-s 00000000 08:07 13369397                   /tmp/hsperfdata_minhnguyen/7939
7f264c217000-7f264c218000 rw-p 00000000 00:00 0 
7f264c218000-7f264c219000 r--p 00000000 00:00 0 
7f264c219000-7f264c21a000 r--p 00027000 08:07 3019311                    /lib/x86_64-linux-gnu/ld-2.27.so
7f264c21a000-7f264c21b000 rw-p 00028000 08:07 3019311                    /lib/x86_64-linux-gnu/ld-2.27.so
7f264c21b000-7f264c21c000 rw-p 00000000 00:00 0 
7fff92040000-7fff92062000 rw-p 00000000 00:00 0                          [stack]
7fff92132000-7fff92135000 r--p 00000000 00:00 0                          [vvar]
7fff92135000-7fff92137000 r-xp 00000000 00:00 0                          [vdso]
ffffffffff600000-ffffffffff601000 r-xp 00000000 00:00 0                  [vsyscall]

VM Arguments:
jvm_args: -javaagent:/snap/intellij-idea-ultimate/47/lib/idea_rt.jar=39063:/snap/intellij-idea-ultimate/47/bin -Dfile.encoding=UTF-8 
java_command: readingnews.ReadingNews
java_class_path (initial): /usr/lib/jvm/java-8-oracle/jre/lib/charsets.jar:/usr/lib/jvm/java-8-oracle/jre/lib/deploy.jar:/usr/lib/jvm/java-8-oracle/jre/lib/ext/cldrdata.jar:/usr/lib/jvm/java-8-oracle/jre/lib/ext/dnsns.jar:/usr/lib/jvm/java-8-oracle/jre/lib/ext/jaccess.jar:/usr/lib/jvm/java-8-oracle/jre/lib/ext/jfxrt.jar:/usr/lib/jvm/java-8-oracle/jre/lib/ext/localedata.jar:/usr/lib/jvm/java-8-oracle/jre/lib/ext/nashorn.jar:/usr/lib/jvm/java-8-oracle/jre/lib/ext/sunec.jar:/usr/lib/jvm/java-8-oracle/jre/lib/ext/sunjce_provider.jar:/usr/lib/jvm/java-8-oracle/jre/lib/ext/sunpkcs11.jar:/usr/lib/jvm/java-8-oracle/jre/lib/ext/zipfs.jar:/usr/lib/jvm/java-8-oracle/jre/lib/javaws.jar:/usr/lib/jvm/java-8-oracle/jre/lib/jce.jar:/usr/lib/jvm/java-8-oracle/jre/lib/jfr.jar:/usr/lib/jvm/java-8-oracle/jre/lib/jfxswt.jar:/usr/lib/jvm/java-8-oracle/jre/lib/jsse.jar:/usr/lib/jvm/java-8-oracle/jre/lib/management-agent.jar:/usr/lib/jvm/java-8-oracle/jre/lib/plugin.jar:/usr/lib/jvm/java-8-oracle/jre/lib/resources.jar:/usr/lib/jvm/java-8-oracle/jre/lib/rt.jar:/home/minhnguyen/Private/Project/Java/JavaProgress/Final2Assignment/out/production/Final2Assignment:/snap/intellij-idea-ultimate/47/lib/idea_rt.jar
Launcher Type: SUN_STANDARD

Environment Variables:
JAVA_HOME=/usr/lib/jvm/java-8-oracle
PATH=/usr/local/sbin:/usr/local/bin:/usr/sbin:/usr/bin:/sbin:/bin:/usr/games:/usr/local/games:/snap/bin:/usr/lib/jvm/java-8-oracle/bin:/usr/lib/jvm/java-8-oracle/db/bin:/usr/lib/jvm/java-8-oracle/jre/bin
USERNAME=minhnguyen
SHELL=/bin/bash
DISPLAY=:0

Signal Handlers:
SIGSEGV: [libjvm.so+0xad0890], sa_mask[0]=11111111011111111101111111111110, sa_flags=SA_RESTART|SA_SIGINFO
SIGBUS: [libjvm.so+0xad0890], sa_mask[0]=11111111011111111101111111111110, sa_flags=SA_RESTART|SA_SIGINFO
SIGFPE: [libjvm.so+0x928640], sa_mask[0]=11111111011111111101111111111110, sa_flags=SA_RESTART|SA_SIGINFO
SIGPIPE: SIG_IGN, sa_mask[0]=00000000000010000000000000000000, sa_flags=SA_RESTART
SIGXFSZ: [libjvm.so+0x928640], sa_mask[0]=11111111011111111101111111111110, sa_flags=SA_RESTART|SA_SIGINFO
SIGILL: [libjvm.so+0x928640], sa_mask[0]=11111111011111111101111111111110, sa_flags=SA_RESTART|SA_SIGINFO
SIGUSR1: SIG_DFL, sa_mask[0]=00000000000000000000000000000000, sa_flags=none
SIGUSR2: [libjvm.so+0x929ea0], sa_mask[0]=00100000000000000000000000000000, sa_flags=SA_RESTART|SA_SIGINFO
SIGHUP: [libjvm.so+0x92b2a0], sa_mask[0]=11111111011111111101111111111110, sa_flags=SA_RESTART|SA_SIGINFO
SIGINT: [libjvm.so+0x92b2a0], sa_mask[0]=11111111011111111101111111111110, sa_flags=SA_RESTART|SA_SIGINFO
SIGTERM: [libjvm.so+0x92b2a0], sa_mask[0]=11111111011111111101111111111110, sa_flags=SA_RESTART|SA_SIGINFO
SIGQUIT: [libjvm.so+0x92b2a0], sa_mask[0]=11111111011111111101111111111110, sa_flags=SA_RESTART|SA_SIGINFO


---------------  S Y S T E M  ---------------

OS:DISTRIB_ID=Ubuntu
DISTRIB_RELEASE=18.04
DISTRIB_CODENAME=bionic
DISTRIB_DESCRIPTION="Ubuntu 18.04 LTS"

uname:Linux 4.15.0-22-generic #24-Ubuntu SMP Wed May 16 12:15:17 UTC 2018 x86_64
libc:glibc 2.27 NPTL 2.27 
rlimit: STACK 8192k, CORE 0k, NPROC 31454, NOFILE 1048576, AS infinity
load average:0,82 0,72 1,02

/proc/meminfo:
MemTotal:        8111112 kB
MemFree:         1258708 kB
MemAvailable:    4424240 kB
Buffers:          422464 kB
Cached:          2518244 kB
SwapCached:            0 kB
Active:          4395804 kB
Inactive:        2007876 kB
Active(anon):    2812044 kB
Inactive(anon):   309344 kB
Active(file):    1583760 kB
Inactive(file):  1698532 kB
Unevictable:          64 kB
Mlocked:              64 kB
SwapTotal:      24328184 kB
SwapFree:       24328184 kB
Dirty:              5956 kB
Writeback:             0 kB
AnonPages:       3463072 kB
Mapped:           599652 kB
Shmem:             83452 kB
Slab:             251616 kB
SReclaimable:     191564 kB
SUnreclaim:        60052 kB
KernelStack:       13856 kB
PageTables:        58236 kB
NFS_Unstable:          0 kB
Bounce:                0 kB
WritebackTmp:          0 kB
CommitLimit:    28383740 kB
Committed_AS:    9401224 kB
VmallocTotal:   34359738367 kB
VmallocUsed:           0 kB
VmallocChunk:          0 kB
HardwareCorrupted:     0 kB
AnonHugePages:         0 kB
ShmemHugePages:        0 kB
ShmemPmdMapped:        0 kB
CmaTotal:              0 kB
CmaFree:               0 kB
HugePages_Total:       0
HugePages_Free:        0
HugePages_Rsvd:        0
HugePages_Surp:        0
Hugepagesize:       2048 kB
DirectMap4k:      235440 kB
DirectMap2M:     5998592 kB
DirectMap1G:     2097152 kB


CPU:total 4 (initial active 4) (4 cores per cpu, 1 threads per core) family 6 model 94 stepping 3, cmov, cx8, fxsr, mmx, sse, sse2, sse3, ssse3, sse4.1, sse4.2, popcnt, avx, avx2, aes, clmul, erms, 3dnowpref, lzcnt, tsc, tscinvbit, bmi1, bmi2, adx

/proc/cpuinfo:
processor	: 0
vendor_id	: GenuineIntel
cpu family	: 6
model		: 94
model name	: Intel(R) Core(TM) i5-6400 CPU @ 2.70GHz
stepping	: 3
microcode	: 0x84
cpu MHz		: 2932.820
cache size	: 6144 KB
physical id	: 0
siblings	: 4
core id		: 0
cpu cores	: 4
apicid		: 0
initial apicid	: 0
fpu		: yes
fpu_exception	: yes
cpuid level	: 22
wp		: yes
flags		: fpu vme de pse tsc msr pae mce cx8 apic sep mtrr pge mca cmov pat pse36 clflush dts acpi mmx fxsr sse sse2 ss ht tm pbe syscall nx pdpe1gb rdtscp lm constant_tsc art arch_perfmon pebs bts rep_good nopl xtopology nonstop_tsc cpuid aperfmperf tsc_known_freq pni pclmulqdq dtes64 monitor ds_cpl vmx est tm2 ssse3 sdbg fma cx16 xtpr pdcm pcid sse4_1 sse4_2 x2apic movbe popcnt aes xsave avx f16c rdrand lahf_lm abm 3dnowprefetch cpuid_fault epb invpcid_single pti tpr_shadow vnmi flexpriority ept vpid fsgsbase tsc_adjust bmi1 avx2 smep bmi2 erms invpcid mpx rdseed adx smap clflushopt intel_pt xsaveopt xsavec xgetbv1 xsaves dtherm ida arat pln pts hwp hwp_notify hwp_act_window hwp_epp
bugs		: cpu_meltdown spectre_v1 spectre_v2 spec_store_bypass
bogomips	: 5424.00
clflush size	: 64
cache_alignment	: 64
address sizes	: 39 bits physical, 48 bits virtual
power management:

processor	: 1
vendor_id	: GenuineIntel
cpu family	: 6
model		: 94
model name	: Intel(R) Core(TM) i5-6400 CPU @ 2.70GHz
stepping	: 3
microcode	: 0x84
cpu MHz		: 2831.444
cache size	: 6144 KB
physical id	: 0
siblings	: 4
core id		: 1
cpu cores	: 4
apicid		: 2
initial apicid	: 2
fpu		: yes
fpu_exception	: yes
cpuid level	: 22
wp		: yes
flags		: fpu vme de pse tsc msr pae mce cx8 apic sep mtrr pge mca cmov pat pse36 clflush dts acpi mmx fxsr sse sse2 ss ht tm pbe syscall nx pdpe1gb rdtscp lm constant_tsc art arch_perfmon pebs bts rep_good nopl xtopology nonstop_tsc cpuid aperfmperf tsc_known_freq pni pclmulqdq dtes64 monitor ds_cpl vmx est tm2 ssse3 sdbg fma cx16 xtpr pdcm pcid sse4_1 sse4_2 x2apic movbe popcnt aes xsave avx f16c rdrand lahf_lm abm 3dnowprefetch cpuid_fault epb invpcid_single pti tpr_shadow vnmi flexpriority ept vpid fsgsbase tsc_adjust bmi1 avx2 smep bmi2 erms invpcid mpx rdseed adx smap clflushopt intel_pt xsaveopt xsavec xgetbv1 xsaves dtherm ida arat pln pts hwp hwp_notify hwp_act_window hwp_epp
bugs		: cpu_meltdown spectre_v1 spectre_v2 spec_store_bypass
bogomips	: 5424.00
clflush size	: 64
cache_alignment	: 64
address sizes	: 39 bits physical, 48 bits virtual
power management:

processor	: 2
vendor_id	: GenuineIntel
cpu family	: 6
model		: 94
model name	: Intel(R) Core(TM) i5-6400 CPU @ 2.70GHz
stepping	: 3
microcode	: 0x84
cpu MHz		: 2940.124
cache size	: 6144 KB
physical id	: 0
siblings	: 4
core id		: 2
cpu cores	: 4
apicid		: 4
initial apicid	: 4
fpu		: yes
fpu_exception	: yes
cpuid level	: 22
wp		: yes
flags		: fpu vme de pse tsc msr pae mce cx8 apic sep mtrr pge mca cmov pat pse36 clflush dts acpi mmx fxsr sse sse2 ss ht tm pbe syscall nx pdpe1gb rdtscp lm constant_tsc art arch_perfmon pebs bts rep_good nopl xtopology nonstop_tsc cpuid aperfmperf tsc_known_freq pni pclmulqdq dtes64 monitor ds_cpl vmx est tm2 ssse3 sdbg fma cx16 xtpr pdcm pcid sse4_1 sse4_2 x2apic movbe popcnt aes xsave avx f16c rdrand lahf_lm abm 3dnowprefetch cpuid_fault epb invpcid_single pti tpr_shadow vnmi flexpriority ept vpid fsgsbase tsc_adjust bmi1 avx2 smep bmi2 erms invpcid mpx rdseed adx smap clflushopt intel_pt xsaveopt xsavec xgetbv1 xsaves dtherm ida arat pln pts hwp hwp_notify hwp_act_window hwp_epp
bugs		: cpu_meltdown spectre_v1 spectre_v2 spec_store_bypass
bogomips	: 5424.00
clflush size	: 64
cache_alignment	: 64
address sizes	: 39 bits physical, 48 bits virtual
power management:

processor	: 3
vendor_id	: GenuineIntel
cpu family	: 6
model		: 94
model name	: Intel(R) Core(TM) i5-6400 CPU @ 2.70GHz
stepping	: 3
microcode	: 0x84
cpu MHz		: 2954.895
cache size	: 6144 KB
physical id	: 0
siblings	: 4
core id		: 3
cpu cores	: 4
apicid		: 6
initial apicid	: 6
fpu		: yes
fpu_exception	: yes
cpuid level	: 22
wp		: yes
flags		: fpu vme de pse tsc msr pae mce cx8 apic sep mtrr pge mca cmov pat pse36 clflush dts acpi mmx fxsr sse sse2 ss ht tm pbe syscall nx pdpe1gb rdtscp lm constant_tsc art arch_perfmon pebs bts rep_good nopl xtopology nonstop_tsc cpuid aperfmperf tsc_known_freq pni pclmulqdq dtes64 monitor ds_cpl vmx est tm2 ssse3 sdbg fma cx16 xtpr pdcm pcid sse4_1 sse4_2 x2apic movbe popcnt aes xsave avx f16c rdrand lahf_lm abm 3dnowprefetch cpuid_fault epb invpcid_single pti tpr_shadow vnmi flexpriority ept vpid fsgsbase tsc_adjust bmi1 avx2 smep bmi2 erms invpcid mpx rdseed adx smap clflushopt intel_pt xsaveopt xsavec xgetbv1 xsaves dtherm ida arat pln pts hwp hwp_notify hwp_act_window hwp_epp
bugs		: cpu_meltdown spectre_v1 spectre_v2 spec_store_bypass
bogomips	: 5424.00
clflush size	: 64
cache_alignment	: 64
address sizes	: 39 bits physical, 48 bits virtual
power management:



Memory: 4k page, physical 8111112k(1258708k free), swap 24328184k(24328184k free)

vm_info: Java HotSpot(TM) 64-Bit Server VM (25.171-b11) for linux-amd64 JRE (1.8.0_171-b11), built on Mar 28 2018 17:07:08 by "java_re" with gcc 4.3.0 20080428 (Red Hat 4.3.0-8)

time: Mon Jun  4 17:35:16 2018
elapsed time: 17 seconds (0d 0h 0m 17s)

